{"TimeGenerated": "2026-05-13T22:54:40.000Z", "Computer": "WS-CEO-001", "EventID": 1, "Source": "Microsoft-Windows-Sysmon", "ProcessName": "Teams.exe", "CommandLine": "...", "ParentImage": "explorer.exe"}, {"TimeGenerated": "2026-05-13T22:54:43.000Z", "Computer": "vm-app-web-01", "EventID": 1, "Source": "Microsoft-Windows-Sysmon", "ProcessName": "outlook.exe", "CommandLine": "...", "ParentImage": "explorer.exe"}, {"TimeGenerated": "2026-05-13T22:56:10.000Z", "Computer": "vm-app-web-02", "EventID": 1, "Source": "Microsoft-Windows-Sysmon", "ProcessName": "svchost.exe", "CommandLine": "...", "ParentImage": "explorer.exe"}, {"TimeGenerated": "2026-05-13T22:56:50.000Z", "Computer": "WS-SALES-007", "EventID": 1, "Source": "Microsoft-Windows-Sysmon", "ProcessName": "outlook.exe", "CommandLine": "...", "ParentImage": "explorer.exe"}, {"TimeGenerated": "2026-05-13T22:58:21.000Z", "Computer": "vm-build-runner-04", "EventID": 1, "Source": "Microsoft-Windows-Sysmon", "ProcessName": "outlook.exe", "CommandLine": "...", "ParentImage": "explorer.exe"}, {"TimeGenerated": "2026-05-13T22:58:40.000Z", "Computer": "WS-LEGAL-005", "EventID": 1, "Source": "Microsoft-Windows-Sysmon", "ProcessName": "svchost.exe", "CommandLine": "...", "ParentImage": "explorer.exe"}, {"TimeGenerated": "2026-05-13T22:59:10.000Z", "Computer": "vm-db-prod-01", "EventID": 1, "Source": "Microsoft-Windows-Sysmon", "ProcessName": "Teams.exe", "CommandLine": "...", "ParentImage": "explorer.exe"}, {"TimeGenerated": "2026-05-13T23:00:12.000Z", "Computer": "WS-FIN-014", "EventID": 1, "Source": "Microsoft-Windows-Sysmon", "ProcessName": "outlook.exe", "CommandLine": "...", "ParentImage": "explorer.exe"}, {"TimeGenerated": "2026-05-13T23:06:36.000Z", "Computer": "WS-FIN-022", "EventID": 1, "Source": "Microsoft-Windows-Sysmon", "ProcessName": "outlook.exe", "CommandLine": "...", "ParentImage": "explorer.exe"}, {"TimeGenerated": "2026-05-13T23:06:45.000Z", "Computer": "WS-CEO-001", "EventID": 1, "Source": "Microsoft-Windows-Sysmon", "ProcessName": "chrome.exe", "CommandLine": "...", "ParentImage": "explorer.exe"}, {"TimeGenerated": "2026-05-13T23:07:09.000Z", "Computer": "vm-jumpbox-01", "EventID": 1, "Source": "Microsoft-Windows-Sysmon", "ProcessName": "outlook.exe", "CommandLine": "...", "ParentImage": "explorer.exe"}, {"TimeGenerated": "2026-05-13T23:08:46.000Z", "Computer": "WS-DEV-031", "EventID": 1, "Source": "Microsoft-Windows-Sysmon", "ProcessName": "Teams.exe", "CommandLine": "...", "ParentImage": "explorer.exe"}, {"TimeGenerated": "2026-05-13T23:13:18.000Z", "Computer": "WS-SALES-007", "EventID": 1, "Source": "Microsoft-Windows-Sysmon", "ProcessName": "outlook.exe", "CommandLine": "...", "ParentImage": "explorer.exe"}, {"TimeGenerated": "2026-05-13T23:17:57.000Z", "Computer": "vm-app-web-01", "EventID": 1, "Source": "Microsoft-Windows-Sysmon", "ProcessName": "svchost.exe", "CommandLine": "...", "ParentImage": "explorer.exe"}, {"TimeGenerated": "2026-05-13T23:22:53.000Z", "Computer": "vm-build-runner-04", "EventID": 1, "Source": "Microsoft-Windows-Sysmon", "ProcessName": "svchost.exe", "CommandLine": "...", "ParentImage": "explorer.exe"}, {"TimeGenerated": "2026-05-13T23:30:33.000Z", "Computer": "vm-db-prod-01", "EventID": 1, "Source": "Microsoft-Windows-Sysmon", "ProcessName": "chrome.exe", "CommandLine": "...", "ParentImage": "explorer.exe"}, {"TimeGenerated": "2026-05-13T23:30:40.000Z", "Computer": "WS-SALES-007", "EventID": 1, "Source": "Microsoft-Windows-Sysmon", "ProcessName": "Teams.exe", "CommandLine": "...", "ParentImage": "explorer.exe"}, {"TimeGenerated": "2026-05-13T23:31:52.000Z", "Computer": "vm-build-runner-04", "EventID": 1, "Source": "Microsoft-Windows-Sysmon", "ProcessName": "outlook.exe", "CommandLine": "...", "ParentImage": "explorer.exe"}, {"TimeGenerated": "2026-05-13T23:32:35.000Z", "Computer": "vm-build-runner-04", "EventID": 1, "Source": "Microsoft-Windows-Sysmon", "ProcessName": "svchost.exe", "CommandLine": "...", "ParentImage": "explorer.exe"}, {"TimeGenerated": "2026-05-13T23:33:52.000Z", "Computer": "vm-jumpbox-01", "EventID": 1, "Source": "Microsoft-Windows-Sysmon", "ProcessName": "svchost.exe", "CommandLine": "...", "ParentImage": "explorer.exe"}, {"TimeGenerated": "2026-05-13T23:35:48.000Z", "Computer": "WS-CEO-001", "EventID": 1, "Source": "Microsoft-Windows-Sysmon", "ProcessName": "chrome.exe", "CommandLine": "...", "ParentImage": "explorer.exe"}, {"TimeGenerated": "2026-05-13T23:37:12.000Z", "Computer": "WS-LEGAL-005", "EventID": 1, "Source": "Microsoft-Windows-Sysmon", "ProcessName": "svchost.exe", "CommandLine": "...", "ParentImage": "explorer.exe"}, {"TimeGenerated": "2026-05-13T23:41:21.000Z", "Computer": "WS-FIN-014", "EventID": 1, "Source": "Microsoft-Windows-Sysmon", "ProcessName": "svchost.exe", "CommandLine": "...", "ParentImage": "explorer.exe"}, {"TimeGenerated": "2026-05-13T23:41:23.000Z", "Computer": "WS-LEGAL-005", "EventID": 1, "Source": "Microsoft-Windows-Sysmon", "ProcessName": "Teams.exe", "CommandLine": "...", "ParentImage": "explorer.exe"}, {"TimeGenerated": "2026-05-13T23:43:38.000Z", "Computer": "WS-HR-003", "EventID": 1, "Source": "Microsoft-Windows-Sysmon", "ProcessName": "Teams.exe", "CommandLine": "...", "ParentImage": "explorer.exe"}, {"TimeGenerated": "2026-05-13T23:49:05.000Z", "Computer": "vm-db-prod-01", "EventID": 1, "Source": "Microsoft-Windows-Sysmon", "ProcessName": "outlook.exe", "CommandLine": "...", "ParentImage": "explorer.exe"}, {"TimeGenerated": "2026-05-13T23:54:54.000Z", "Computer": "WS-DEV-031", "EventID": 1, "Source": "Microsoft-Windows-Sysmon", "ProcessName": "svchost.exe", "CommandLine": "...", "ParentImage": "explorer.exe"}, {"TimeGenerated": "2026-05-13T23:57:27.000Z", "Computer": "vm-jumpbox-01", "EventID": 1, "Source": "Microsoft-Windows-Sysmon", "ProcessName": "svchost.exe", "CommandLine": "...", "ParentImage": "explorer.exe"}, {"TimeGenerated": "2026-05-13T23:58:31.000Z", "Computer": "WS-HR-003", "EventID": 1, "Source": "Microsoft-Windows-Sysmon", "ProcessName": "chrome.exe", "CommandLine": "...", "ParentImage": "explorer.exe"}]