{"TimeGenerated": "2026-05-13T09:44:43.000Z", "Computer": "WS-FIN-022", "EventID": 1, "Source": "Microsoft-Windows-Sysmon", "ProcessName": "chrome.exe", "CommandLine": "...", "ParentImage": "explorer.exe"}, {"TimeGenerated": "2026-05-13T09:51:41.000Z", "Computer": "WS-SALES-007", "EventID": 1, "Source": "Microsoft-Windows-Sysmon", "ProcessName": "svchost.exe", "CommandLine": "...", "ParentImage": "explorer.exe"}, {"TimeGenerated": "2026-05-13T09:54:49.000Z", "Computer": "WS-DEV-011", "EventID": 1, "Source": "Microsoft-Windows-Sysmon", "ProcessName": "svchost.exe", "CommandLine": "...", "ParentImage": "explorer.exe"}, {"TimeGenerated": "2026-05-13T09:55:03.000Z", "Computer": "vm-jumpbox-01", "EventID": 1, "Source": "Microsoft-Windows-Sysmon", "ProcessName": "svchost.exe", "CommandLine": "...", "ParentImage": "explorer.exe"}, {"TimeGenerated": "2026-05-13T10:02:26.000Z", "Computer": "WS-FIN-022", "EventID": 1, "Source": "Microsoft-Windows-Sysmon", "ProcessName": "Teams.exe", "CommandLine": "...", "ParentImage": "explorer.exe"}, {"TimeGenerated": "2026-05-13T10:02:28.000Z", "Computer": "vm-jumpbox-01", "EventID": 1, "Source": "Microsoft-Windows-Sysmon", "ProcessName": "svchost.exe", "CommandLine": "...", "ParentImage": "explorer.exe"}, {"TimeGenerated": "2026-05-13T10:04:50.000Z", "Computer": "WS-FIN-014", "EventID": 17, "Source": "Microsoft-Windows-Sysmon", "PipeName": "\\\\.\\pipe\\msagent_57", "Image": "C:\\Windows\\System32\\rundll32.exe"}, {"TimeGenerated": "2026-05-13T10:05:44.000Z", "Computer": "WS-FIN-014", "EventID": 8, "Source": "Microsoft-Windows-Sysmon", "ProcessName": "rundll32.exe", "SourceImage": "C:\\Windows\\System32\\WindowsPowerShell\\v1.0\\powershell.exe", "TargetImage": "C:\\Windows\\explorer.exe", "CommandLine": ""}, {"TimeGenerated": "2026-05-13T10:12:26.000Z", "Computer": "WS-HR-003", "EventID": 1, "Source": "Microsoft-Windows-Sysmon", "ProcessName": "chrome.exe", "CommandLine": "...", "ParentImage": "explorer.exe"}, {"TimeGenerated": "2026-05-13T10:15:22.000Z", "Computer": "WS-SALES-007", "EventID": 1, "Source": "Microsoft-Windows-Sysmon", "ProcessName": "svchost.exe", "CommandLine": "...", "ParentImage": "explorer.exe"}, {"TimeGenerated": "2026-05-13T10:20:36.000Z", "Computer": "WS-MKT-019", "EventID": 1, "Source": "Microsoft-Windows-Sysmon", "ProcessName": "chrome.exe", "CommandLine": "...", "ParentImage": "explorer.exe"}, {"TimeGenerated": "2026-05-13T10:22:47.000Z", "Computer": "WS-IT-002", "EventID": 1, "Source": "Microsoft-Windows-Sysmon", "ProcessName": "outlook.exe", "CommandLine": "...", "ParentImage": "explorer.exe"}, {"TimeGenerated": "2026-05-13T10:24:35.000Z", "Computer": "WS-FIN-014", "EventID": 1, "Source": "Microsoft-Windows-Sysmon", "ProcessName": "outlook.exe", "CommandLine": "...", "ParentImage": "explorer.exe"}, {"TimeGenerated": "2026-05-13T10:28:09.000Z", "Computer": "WS-FIN-014", "EventID": 13, "Source": "Microsoft-Windows-Sysmon", "TargetObject": "HKCU\\Software\\Microsoft\\Windows\\CurrentVersion\\Run\\Updater", "Details": "C:\\Users\\Public\\svchost.exe"}, {"TimeGenerated": "2026-05-13T10:33:21.000Z", "Computer": "WS-FIN-014", "EventID": 7036, "Source": "Service Control Manager", "ParameterXml": "<Param>Sysmon64</Param><Param>stopped</Param>"}, {"TimeGenerated": "2026-05-13T10:36:00.000Z", "Computer": "WS-FIN-014", "EventID": 20, "Source": "Microsoft-Windows-Sysmon", "Consumer": "CommandLineEventConsumer", "Destination": "powershell -enc JABwYXk9..."}, {"TimeGenerated": "2026-05-13T10:39:21.000Z", "Computer": "WS-FIN-014", "EventID": 1, "Source": "Microsoft-Windows-Sysmon", "ProcessName": "outlook.exe", "CommandLine": "...", "ParentImage": "explorer.exe"}, {"TimeGenerated": "2026-05-13T10:39:31.000Z", "Computer": "WS-HR-003", "EventID": 1, "Source": "Microsoft-Windows-Sysmon", "ProcessName": "outlook.exe", "CommandLine": "...", "ParentImage": "explorer.exe"}, {"TimeGenerated": "2026-05-13T10:47:59.000Z", "Computer": "WS-CEO-001", "EventID": 1, "Source": "Microsoft-Windows-Sysmon", "ProcessName": "Teams.exe", "CommandLine": "...", "ParentImage": "explorer.exe"}, {"TimeGenerated": "2026-05-13T10:50:53.000Z", "Computer": "WS-CEO-001", "EventID": 1, "Source": "Microsoft-Windows-Sysmon", "ProcessName": "chrome.exe", "CommandLine": "...", "ParentImage": "explorer.exe"}, {"TimeGenerated": "2026-05-13T10:57:32.000Z", "Computer": "vm-app-web-02", "EventID": 1, "Source": "Microsoft-Windows-Sysmon", "ProcessName": "outlook.exe", "CommandLine": "...", "ParentImage": "explorer.exe"}, {"TimeGenerated": "2026-05-13T10:58:19.000Z", "Computer": "WS-CEO-001", "EventID": 1, "Source": "Microsoft-Windows-Sysmon", "ProcessName": "outlook.exe", "CommandLine": "...", "ParentImage": "explorer.exe"}, {"TimeGenerated": "2026-05-13T10:59:49.000Z", "Computer": "WS-MKT-019", "EventID": 1, "Source": "Microsoft-Windows-Sysmon", "ProcessName": "chrome.exe", "CommandLine": "...", "ParentImage": "explorer.exe"}, {"TimeGenerated": "2026-05-13T11:05:41.000Z", "Computer": "WS-LEGAL-005", "EventID": 1, "Source": "Microsoft-Windows-Sysmon", "ProcessName": "svchost.exe", "CommandLine": "...", "ParentImage": "explorer.exe"}, {"TimeGenerated": "2026-05-13T11:07:40.000Z", "Computer": "vm-app-web-01", "EventID": 1, "Source": "Microsoft-Windows-Sysmon", "ProcessName": "chrome.exe", "CommandLine": "...", "ParentImage": "explorer.exe"}, {"TimeGenerated": "2026-05-13T11:14:54.000Z", "Computer": "WS-IT-002", "EventID": 1, "Source": "Microsoft-Windows-Sysmon", "ProcessName": "chrome.exe", "CommandLine": "...", "ParentImage": "explorer.exe"}, {"TimeGenerated": "2026-05-13T11:16:08.000Z", "Computer": "WS-CEO-001", "EventID": 1, "Source": "Microsoft-Windows-Sysmon", "ProcessName": "chrome.exe", "CommandLine": "...", "ParentImage": "explorer.exe"}, {"TimeGenerated": "2026-05-13T11:19:41.000Z", "Computer": "WS-CEO-001", "EventID": 1, "Source": "Microsoft-Windows-Sysmon", "ProcessName": "chrome.exe", "CommandLine": "...", "ParentImage": "explorer.exe"}, {"TimeGenerated": "2026-05-13T11:28:32.000Z", "Computer": "WS-IT-002", "EventID": 1, "Source": "Microsoft-Windows-Sysmon", "ProcessName": "chrome.exe", "CommandLine": "...", "ParentImage": "explorer.exe"}, {"TimeGenerated": "2026-05-13T11:29:53.000Z", "Computer": "vm-app-web-02", "EventID": 1, "Source": "Microsoft-Windows-Sysmon", "ProcessName": "svchost.exe", "CommandLine": "...", "ParentImage": "explorer.exe"}, {"TimeGenerated": "2026-05-13T11:35:24.000Z", "Computer": "WS-HR-003", "EventID": 1, "Source": "Microsoft-Windows-Sysmon", "ProcessName": "Teams.exe", "CommandLine": "...", "ParentImage": "explorer.exe"}, {"TimeGenerated": "2026-05-13T11:35:36.000Z", "Computer": "WS-DEV-011", "EventID": 1, "Source": "Microsoft-Windows-Sysmon", "ProcessName": "chrome.exe", "CommandLine": "...", "ParentImage": "explorer.exe"}, {"TimeGenerated": "2026-05-13T11:40:08.000Z", "Computer": "vm-build-runner-04", "EventID": 1, "Source": "Microsoft-Windows-Sysmon", "ProcessName": "outlook.exe", "CommandLine": "...", "ParentImage": "explorer.exe"}, {"TimeGenerated": "2026-05-13T11:41:29.000Z", "Computer": "vm-db-prod-01", "EventID": 1, "Source": "Microsoft-Windows-Sysmon", "ProcessName": "outlook.exe", "CommandLine": "...", "ParentImage": "explorer.exe"}, {"TimeGenerated": "2026-05-13T11:47:36.000Z", "Computer": "WS-SALES-007", "EventID": 1, "Source": "Microsoft-Windows-Sysmon", "ProcessName": "Teams.exe", "CommandLine": "...", "ParentImage": "explorer.exe"}, {"TimeGenerated": "2026-05-13T11:48:28.000Z", "Computer": "WS-MKT-019", "EventID": 1, "Source": "Microsoft-Windows-Sysmon", "ProcessName": "outlook.exe", "CommandLine": "...", "ParentImage": "explorer.exe"}, {"TimeGenerated": "2026-05-13T11:58:18.000Z", "Computer": "WS-DEV-011", "EventID": 1, "Source": "Microsoft-Windows-Sysmon", "ProcessName": "Teams.exe", "CommandLine": "...", "ParentImage": "explorer.exe"}, {"TimeGenerated": "2026-05-13T12:00:46.000Z", "Computer": "WS-SALES-007", "EventID": 1, "Source": "Microsoft-Windows-Sysmon", "ProcessName": "outlook.exe", "CommandLine": "...", "ParentImage": "explorer.exe"}, {"TimeGenerated": "2026-05-13T12:08:08.000Z", "Computer": "vm-db-prod-01", "EventID": 1, "Source": "Microsoft-Windows-Sysmon", "ProcessName": "svchost.exe", "CommandLine": "...", "ParentImage": "explorer.exe"}, {"TimeGenerated": "2026-05-13T12:30:26.000Z", "Computer": "vm-build-runner-04", "EventID": 1, "Source": "Microsoft-Windows-Sysmon", "ProcessName": "outlook.exe", "CommandLine": "...", "ParentImage": "explorer.exe"}, {"TimeGenerated": "2026-05-13T12:31:01.000Z", "Computer": "WS-FIN-014", "EventID": 1, "Source": "Microsoft-Windows-Sysmon", "ProcessName": "outlook.exe", "CommandLine": "...", "ParentImage": "explorer.exe"}, {"TimeGenerated": "2026-05-13T12:37:16.000Z", "Computer": "vm-app-web-01", "EventID": 1, "Source": "Microsoft-Windows-Sysmon", "ProcessName": "svchost.exe", "CommandLine": "...", "ParentImage": "explorer.exe"}, {"TimeGenerated": "2026-05-13T12:42:37.000Z", "Computer": "WS-MKT-019", "EventID": 1, "Source": "Microsoft-Windows-Sysmon", "ProcessName": "svchost.exe", "CommandLine": "...", "ParentImage": "explorer.exe"}, {"TimeGenerated": "2026-05-13T12:43:02.000Z", "Computer": "WS-LEGAL-005", "EventID": 1, "Source": "Microsoft-Windows-Sysmon", "ProcessName": "chrome.exe", "CommandLine": "...", "ParentImage": "explorer.exe"}, {"TimeGenerated": "2026-05-13T12:43:07.000Z", "Computer": "WS-CEO-001", "EventID": 1, "Source": "Microsoft-Windows-Sysmon", "ProcessName": "Teams.exe", "CommandLine": "...", "ParentImage": "explorer.exe"}, {"TimeGenerated": "2026-05-13T12:46:54.000Z", "Computer": "vm-app-web-01", "EventID": 1, "Source": "Microsoft-Windows-Sysmon", "ProcessName": "Teams.exe", "CommandLine": "...", "ParentImage": "explorer.exe"}, {"TimeGenerated": "2026-05-13T12:48:53.000Z", "Computer": "vm-db-prod-01", "EventID": 1, "Source": "Microsoft-Windows-Sysmon", "ProcessName": "chrome.exe", "CommandLine": "...", "ParentImage": "explorer.exe"}, {"TimeGenerated": "2026-05-13T12:49:42.000Z", "Computer": "vm-jumpbox-01", "EventID": 1, "Source": "Microsoft-Windows-Sysmon", "ProcessName": "svchost.exe", "CommandLine": "...", "ParentImage": "explorer.exe"}, {"TimeGenerated": "2026-05-13T12:49:51.000Z", "Computer": "WS-IT-002", "EventID": 1, "Source": "Microsoft-Windows-Sysmon", "ProcessName": "Teams.exe", "CommandLine": "...", "ParentImage": "explorer.exe"}, {"TimeGenerated": "2026-05-13T12:53:24.000Z", "Computer": "WS-IT-002", "EventID": 1, "Source": "Microsoft-Windows-Sysmon", "ProcessName": "Teams.exe", "CommandLine": "...", "ParentImage": "explorer.exe"}, {"TimeGenerated": "2026-05-13T12:55:25.000Z", "Computer": "WS-HR-003", "EventID": 1, "Source": "Microsoft-Windows-Sysmon", "ProcessName": "outlook.exe", "CommandLine": "...", "ParentImage": "explorer.exe"}, {"TimeGenerated": "2026-05-13T12:56:07.000Z", "Computer": "WS-LEGAL-005", "EventID": 1, "Source": "Microsoft-Windows-Sysmon", "ProcessName": "Teams.exe", "CommandLine": "...", "ParentImage": "explorer.exe"}, {"TimeGenerated": "2026-05-13T12:58:12.000Z", "Computer": "WS-LEGAL-005", "EventID": 1, "Source": "Microsoft-Windows-Sysmon", "ProcessName": "svchost.exe", "CommandLine": "...", "ParentImage": "explorer.exe"}, {"TimeGenerated": "2026-05-13T13:01:31.000Z", "Computer": "vm-app-web-02", "EventID": 1, "Source": "Microsoft-Windows-Sysmon", "ProcessName": "Teams.exe", "CommandLine": "...", "ParentImage": "explorer.exe"}, {"TimeGenerated": "2026-05-13T13:05:54.000Z", "Computer": "vm-build-runner-04", "EventID": 1, "Source": "Microsoft-Windows-Sysmon", "ProcessName": "Teams.exe", "CommandLine": "...", "ParentImage": "explorer.exe"}, {"TimeGenerated": "2026-05-13T13:07:30.000Z", "Computer": "WS-IT-002", "EventID": 1, "Source": "Microsoft-Windows-Sysmon", "ProcessName": "svchost.exe", "CommandLine": "...", "ParentImage": "explorer.exe"}, {"TimeGenerated": "2026-05-13T13:07:59.000Z", "Computer": "vm-db-prod-01", "EventID": 1, "Source": "Microsoft-Windows-Sysmon", "ProcessName": "outlook.exe", "CommandLine": "...", "ParentImage": "explorer.exe"}, {"TimeGenerated": "2026-05-13T13:12:26.000Z", "Computer": "vm-db-prod-01", "EventID": 1, "Source": "Microsoft-Windows-Sysmon", "ProcessName": "outlook.exe", "CommandLine": "...", "ParentImage": "explorer.exe"}, {"TimeGenerated": "2026-05-13T13:19:11.000Z", "Computer": "vm-db-prod-01", "EventID": 1, "Source": "Microsoft-Windows-Sysmon", "ProcessName": "svchost.exe", "CommandLine": "...", "ParentImage": "explorer.exe"}, {"TimeGenerated": "2026-05-13T13:22:47.000Z", "Computer": "WS-DEV-031", "EventID": 1, "Source": "Microsoft-Windows-Sysmon", "ProcessName": "chrome.exe", "CommandLine": "...", "ParentImage": "explorer.exe"}, {"TimeGenerated": "2026-05-13T13:24:32.000Z", "Computer": "WS-FIN-022", "EventID": 1, "Source": "Microsoft-Windows-Sysmon", "ProcessName": "svchost.exe", "CommandLine": "...", "ParentImage": "explorer.exe"}, {"TimeGenerated": "2026-05-13T13:28:08.000Z", "Computer": "WS-FIN-014", "EventID": 1, "Source": "Microsoft-Windows-Sysmon", "ProcessName": "chrome.exe", "CommandLine": "...", "ParentImage": "explorer.exe"}, {"TimeGenerated": "2026-05-13T13:29:27.000Z", "Computer": "WS-DEV-031", "EventID": 1, "Source": "Microsoft-Windows-Sysmon", "ProcessName": "svchost.exe", "CommandLine": "...", "ParentImage": "explorer.exe"}, {"TimeGenerated": "2026-05-13T13:29:50.000Z", "Computer": "vm-jumpbox-01", "EventID": 1, "Source": "Microsoft-Windows-Sysmon", "ProcessName": "svchost.exe", "CommandLine": "...", "ParentImage": "explorer.exe"}, {"TimeGenerated": "2026-05-13T13:30:55.000Z", "Computer": "vm-jumpbox-01", "EventID": 1, "Source": "Microsoft-Windows-Sysmon", "ProcessName": "svchost.exe", "CommandLine": "...", "ParentImage": "explorer.exe"}, {"TimeGenerated": "2026-05-13T13:33:42.000Z", "Computer": "WS-LEGAL-005", "EventID": 1, "Source": "Microsoft-Windows-Sysmon", "ProcessName": "Teams.exe", "CommandLine": "...", "ParentImage": "explorer.exe"}, {"TimeGenerated": "2026-05-13T13:35:59.000Z", "Computer": "vm-jumpbox-01", "EventID": 1, "Source": "Microsoft-Windows-Sysmon", "ProcessName": "outlook.exe", "CommandLine": "...", "ParentImage": "explorer.exe"}, {"TimeGenerated": "2026-05-13T13:40:41.000Z", "Computer": "WS-HR-003", "EventID": 1, "Source": "Microsoft-Windows-Sysmon", "ProcessName": "svchost.exe", "CommandLine": "...", "ParentImage": "explorer.exe"}, {"TimeGenerated": "2026-05-13T13:43:31.000Z", "Computer": "WS-FIN-022", "EventID": 1, "Source": "Microsoft-Windows-Sysmon", "ProcessName": "outlook.exe", "CommandLine": "...", "ParentImage": "explorer.exe"}, {"TimeGenerated": "2026-05-13T13:45:56.000Z", "Computer": "vm-jumpbox-01", "EventID": 1, "Source": "Microsoft-Windows-Sysmon", "ProcessName": "outlook.exe", "CommandLine": "...", "ParentImage": "explorer.exe"}, {"TimeGenerated": "2026-05-13T13:53:14.000Z", "Computer": "vm-app-web-02", "EventID": 1, "Source": "Microsoft-Windows-Sysmon", "ProcessName": "chrome.exe", "CommandLine": "...", "ParentImage": "explorer.exe"}, {"TimeGenerated": "2026-05-13T13:53:24.000Z", "Computer": "WS-CEO-001", "EventID": 1, "Source": "Microsoft-Windows-Sysmon", "ProcessName": "chrome.exe", "CommandLine": "...", "ParentImage": "explorer.exe"}, {"TimeGenerated": "2026-05-13T14:01:39.000Z", "Computer": "WS-SALES-007", "EventID": 1, "Source": "Microsoft-Windows-Sysmon", "ProcessName": "outlook.exe", "CommandLine": "...", "ParentImage": "explorer.exe"}, {"TimeGenerated": "2026-05-13T14:01:47.000Z", "Computer": "WS-HR-003", "EventID": 1, "Source": "Microsoft-Windows-Sysmon", "ProcessName": "svchost.exe", "CommandLine": "...", "ParentImage": "explorer.exe"}, {"TimeGenerated": "2026-05-13T14:02:28.000Z", "Computer": "WS-CEO-001", "EventID": 1, "Source": "Microsoft-Windows-Sysmon", "ProcessName": "outlook.exe", "CommandLine": "...", "ParentImage": "explorer.exe"}, {"TimeGenerated": "2026-05-13T14:10:47.000Z", "Computer": "WS-DEV-011", "EventID": 1, "Source": "Microsoft-Windows-Sysmon", "ProcessName": "outlook.exe", "CommandLine": "...", "ParentImage": "explorer.exe"}, {"TimeGenerated": "2026-05-13T14:11:07.000Z", "Computer": "WS-IT-002", "EventID": 1, "Source": "Microsoft-Windows-Sysmon", "ProcessName": "svchost.exe", "CommandLine": "...", "ParentImage": "explorer.exe"}, {"TimeGenerated": "2026-05-13T14:12:51.000Z", "Computer": "WS-CEO-001", "EventID": 1, "Source": "Microsoft-Windows-Sysmon", "ProcessName": "outlook.exe", "CommandLine": "...", "ParentImage": "explorer.exe"}, {"TimeGenerated": "2026-05-13T14:24:17.000Z", "Computer": "WS-DEV-011", "EventID": 1, "Source": "Microsoft-Windows-Sysmon", "ProcessName": "outlook.exe", "CommandLine": "...", "ParentImage": "explorer.exe"}, {"TimeGenerated": "2026-05-13T14:26:16.000Z", "Computer": "WS-SALES-007", "EventID": 1, "Source": "Microsoft-Windows-Sysmon", "ProcessName": "Teams.exe", "CommandLine": "...", "ParentImage": "explorer.exe"}, {"TimeGenerated": "2026-05-13T14:26:51.000Z", "Computer": "vm-build-runner-04", "EventID": 1, "Source": "Microsoft-Windows-Sysmon", "ProcessName": "svchost.exe", "CommandLine": "...", "ParentImage": "explorer.exe"}, {"TimeGenerated": "2026-05-13T14:27:25.000Z", "Computer": "WS-DEV-011", "EventID": 1, "Source": "Microsoft-Windows-Sysmon", "ProcessName": "svchost.exe", "CommandLine": "...", "ParentImage": "explorer.exe"}, {"TimeGenerated": "2026-05-13T14:27:49.000Z", "Computer": "WS-SALES-007", "EventID": 1, "Source": "Microsoft-Windows-Sysmon", "ProcessName": "Teams.exe", "CommandLine": "...", "ParentImage": "explorer.exe"}, {"TimeGenerated": "2026-05-13T14:32:16.000Z", "Computer": "WS-IT-002", "EventID": 1, "Source": "Microsoft-Windows-Sysmon", "ProcessName": "svchost.exe", "CommandLine": "...", "ParentImage": "explorer.exe"}, {"TimeGenerated": "2026-05-13T14:32:16.000Z", "Computer": "vm-app-web-01", "EventID": 1, "Source": "Microsoft-Windows-Sysmon", "ProcessName": "outlook.exe", "CommandLine": "...", "ParentImage": "explorer.exe"}, {"TimeGenerated": "2026-05-13T14:36:49.000Z", "Computer": "vm-jumpbox-01", "EventID": 1, "Source": "Microsoft-Windows-Sysmon", "ProcessName": "outlook.exe", "CommandLine": "...", "ParentImage": "explorer.exe"}, {"TimeGenerated": "2026-05-13T14:39:21.000Z", "Computer": "WS-MKT-019", "EventID": 1, "Source": "Microsoft-Windows-Sysmon", "ProcessName": "Teams.exe", "CommandLine": "...", "ParentImage": "explorer.exe"}, {"TimeGenerated": "2026-05-13T14:44:47.000Z", "Computer": "WS-FIN-014", "EventID": 1, "Source": "Microsoft-Windows-Sysmon", "ProcessName": "svchost.exe", "CommandLine": "...", "ParentImage": "explorer.exe"}, {"TimeGenerated": "2026-05-13T14:46:11.000Z", "Computer": "WS-FIN-014", "EventID": 1, "Source": "Microsoft-Windows-Sysmon", "ProcessName": "outlook.exe", "CommandLine": "...", "ParentImage": "explorer.exe"}, {"TimeGenerated": "2026-05-13T14:46:53.000Z", "Computer": "WS-FIN-014", "EventID": 1, "Source": "Microsoft-Windows-Sysmon", "ProcessName": "svchost.exe", "CommandLine": "...", "ParentImage": "explorer.exe"}, {"TimeGenerated": "2026-05-13T14:48:10.000Z", "Computer": "WS-IT-002", "EventID": 1, "Source": "Microsoft-Windows-Sysmon", "ProcessName": "chrome.exe", "CommandLine": "...", "ParentImage": "explorer.exe"}, {"TimeGenerated": "2026-05-13T14:50:13.000Z", "Computer": "WS-CEO-001", "EventID": 1, "Source": "Microsoft-Windows-Sysmon", "ProcessName": "chrome.exe", "CommandLine": "...", "ParentImage": "explorer.exe"}, {"TimeGenerated": "2026-05-13T14:55:28.000Z", "Computer": "WS-DEV-011", "EventID": 1, "Source": "Microsoft-Windows-Sysmon", "ProcessName": "chrome.exe", "CommandLine": "...", "ParentImage": "explorer.exe"}, {"TimeGenerated": "2026-05-13T14:56:46.000Z", "Computer": "WS-IT-002", "EventID": 1, "Source": "Microsoft-Windows-Sysmon", "ProcessName": "chrome.exe", "CommandLine": "...", "ParentImage": "explorer.exe"}, {"TimeGenerated": "2026-05-13T14:57:42.000Z", "Computer": "vm-build-runner-04", "EventID": 1, "Source": "Microsoft-Windows-Sysmon", "ProcessName": "Teams.exe", "CommandLine": "...", "ParentImage": "explorer.exe"}, {"TimeGenerated": "2026-05-13T15:04:13.000Z", "Computer": "WS-FIN-022", "EventID": 1, "Source": "Microsoft-Windows-Sysmon", "ProcessName": "Teams.exe", "CommandLine": "...", "ParentImage": "explorer.exe"}, {"TimeGenerated": "2026-05-13T15:04:38.000Z", "Computer": "WS-IT-002", "EventID": 1, "Source": "Microsoft-Windows-Sysmon", "ProcessName": "outlook.exe", "CommandLine": "...", "ParentImage": "explorer.exe"}, {"TimeGenerated": "2026-05-13T15:07:34.000Z", "Computer": "vm-db-prod-01", "EventID": 1, "Source": "Microsoft-Windows-Sysmon", "ProcessName": "chrome.exe", "CommandLine": "...", "ParentImage": "explorer.exe"}, {"TimeGenerated": "2026-05-13T15:12:58.000Z", "Computer": "vm-db-prod-01", "EventID": 1, "Source": "Microsoft-Windows-Sysmon", "ProcessName": "Teams.exe", "CommandLine": "...", "ParentImage": "explorer.exe"}, {"TimeGenerated": "2026-05-13T15:13:55.000Z", "Computer": "WS-FIN-022", "EventID": 1, "Source": "Microsoft-Windows-Sysmon", "ProcessName": "svchost.exe", "CommandLine": "...", "ParentImage": "explorer.exe"}, {"TimeGenerated": "2026-05-13T15:17:02.000Z", "Computer": "vm-db-prod-01", "EventID": 1, "Source": "Microsoft-Windows-Sysmon", "ProcessName": "Teams.exe", "CommandLine": "...", "ParentImage": "explorer.exe"}, {"TimeGenerated": "2026-05-13T15:19:23.000Z", "Computer": "WS-LEGAL-005", "EventID": 1, "Source": "Microsoft-Windows-Sysmon", "ProcessName": "svchost.exe", "CommandLine": "...", "ParentImage": "explorer.exe"}, {"TimeGenerated": "2026-05-13T15:22:08.000Z", "Computer": "WS-SALES-007", "EventID": 1, "Source": "Microsoft-Windows-Sysmon", "ProcessName": "outlook.exe", "CommandLine": "...", "ParentImage": "explorer.exe"}, {"TimeGenerated": "2026-05-13T15:22:24.000Z", "Computer": "WS-SALES-007", "EventID": 1, "Source": "Microsoft-Windows-Sysmon", "ProcessName": "chrome.exe", "CommandLine": "...", "ParentImage": "explorer.exe"}, {"TimeGenerated": "2026-05-13T15:31:24.000Z", "Computer": "WS-MKT-019", "EventID": 1, "Source": "Microsoft-Windows-Sysmon", "ProcessName": "svchost.exe", "CommandLine": "...", "ParentImage": "explorer.exe"}, {"TimeGenerated": "2026-05-13T15:31:50.000Z", "Computer": "WS-DEV-011", "EventID": 1, "Source": "Microsoft-Windows-Sysmon", "ProcessName": "Teams.exe", "CommandLine": "...", "ParentImage": "explorer.exe"}, {"TimeGenerated": "2026-05-13T15:31:59.000Z", "Computer": "vm-app-web-01", "EventID": 1, "Source": "Microsoft-Windows-Sysmon", "ProcessName": "chrome.exe", "CommandLine": "...", "ParentImage": "explorer.exe"}, {"TimeGenerated": "2026-05-13T15:39:20.000Z", "Computer": "WS-CEO-001", "EventID": 1, "Source": "Microsoft-Windows-Sysmon", "ProcessName": "svchost.exe", "CommandLine": "...", "ParentImage": "explorer.exe"}, {"TimeGenerated": "2026-05-13T15:51:14.000Z", "Computer": "WS-LEGAL-005", "EventID": 1, "Source": "Microsoft-Windows-Sysmon", "ProcessName": "svchost.exe", "CommandLine": "...", "ParentImage": "explorer.exe"}, {"TimeGenerated": "2026-05-13T15:52:46.000Z", "Computer": "WS-CEO-001", "EventID": 1, "Source": "Microsoft-Windows-Sysmon", "ProcessName": "Teams.exe", "CommandLine": "...", "ParentImage": "explorer.exe"}, {"TimeGenerated": "2026-05-13T15:55:49.000Z", "Computer": "vm-db-prod-01", "EventID": 1, "Source": "Microsoft-Windows-Sysmon", "ProcessName": "svchost.exe", "CommandLine": "...", "ParentImage": "explorer.exe"}, {"TimeGenerated": "2026-05-13T15:57:09.000Z", "Computer": "WS-CEO-001", "EventID": 1, "Source": "Microsoft-Windows-Sysmon", "ProcessName": "outlook.exe", "CommandLine": "...", "ParentImage": "explorer.exe"}, {"TimeGenerated": "2026-05-13T16:04:12.000Z", "Computer": "WS-FIN-022", "EventID": 1, "Source": "Microsoft-Windows-Sysmon", "ProcessName": "chrome.exe", "CommandLine": "...", "ParentImage": "explorer.exe"}, {"TimeGenerated": "2026-05-13T16:06:05.000Z", "Computer": "vm-build-runner-04", "EventID": 1, "Source": "Microsoft-Windows-Sysmon", "ProcessName": "svchost.exe", "CommandLine": "...", "ParentImage": "explorer.exe"}, {"TimeGenerated": "2026-05-13T16:24:42.000Z", "Computer": "vm-app-web-01", "EventID": 1, "Source": "Microsoft-Windows-Sysmon", "ProcessName": "svchost.exe", "CommandLine": "...", "ParentImage": "explorer.exe"}, {"TimeGenerated": "2026-05-13T16:24:55.000Z", "Computer": "WS-LEGAL-005", "EventID": 1, "Source": "Microsoft-Windows-Sysmon", "ProcessName": "svchost.exe", "CommandLine": "...", "ParentImage": "explorer.exe"}, {"TimeGenerated": "2026-05-13T16:29:10.000Z", "Computer": "vm-jumpbox-01", "EventID": 1, "Source": "Microsoft-Windows-Sysmon", "ProcessName": "svchost.exe", "CommandLine": "...", "ParentImage": "explorer.exe"}, {"TimeGenerated": "2026-05-13T16:32:41.000Z", "Computer": "vm-db-prod-01", "EventID": 1, "Source": "Microsoft-Windows-Sysmon", "ProcessName": "chrome.exe", "CommandLine": "...", "ParentImage": "explorer.exe"}, {"TimeGenerated": "2026-05-13T16:36:47.000Z", "Computer": "WS-DEV-031", "EventID": 1, "Source": "Microsoft-Windows-Sysmon", "ProcessName": "chrome.exe", "CommandLine": "...", "ParentImage": "explorer.exe"}, {"TimeGenerated": "2026-05-13T16:46:55.000Z", "Computer": "WS-HR-003", "EventID": 1, "Source": "Microsoft-Windows-Sysmon", "ProcessName": "outlook.exe", "CommandLine": "...", "ParentImage": "explorer.exe"}, {"TimeGenerated": "2026-05-13T16:47:15.000Z", "Computer": "vm-app-web-01", "EventID": 1, "Source": "Microsoft-Windows-Sysmon", "ProcessName": "chrome.exe", "CommandLine": "...", "ParentImage": "explorer.exe"}, {"TimeGenerated": "2026-05-13T16:50:43.000Z", "Computer": "WS-SALES-007", "EventID": 1, "Source": "Microsoft-Windows-Sysmon", "ProcessName": "Teams.exe", "CommandLine": "...", "ParentImage": "explorer.exe"}, {"TimeGenerated": "2026-05-13T16:50:54.000Z", "Computer": "WS-LEGAL-005", "EventID": 1, "Source": "Microsoft-Windows-Sysmon", "ProcessName": "svchost.exe", "CommandLine": "...", "ParentImage": "explorer.exe"}, {"TimeGenerated": "2026-05-13T16:51:00.000Z", "Computer": "WS-MKT-019", "EventID": 1, "Source": "Microsoft-Windows-Sysmon", "ProcessName": "Teams.exe", "CommandLine": "...", "ParentImage": "explorer.exe"}, {"TimeGenerated": "2026-05-13T16:52:02.000Z", "Computer": "vm-build-runner-04", "EventID": 1, "Source": "Microsoft-Windows-Sysmon", "ProcessName": "Teams.exe", "CommandLine": "...", "ParentImage": "explorer.exe"}, {"TimeGenerated": "2026-05-13T17:03:20.000Z", "Computer": "WS-MKT-019", "EventID": 1, "Source": "Microsoft-Windows-Sysmon", "ProcessName": "chrome.exe", "CommandLine": "...", "ParentImage": "explorer.exe"}, {"TimeGenerated": "2026-05-13T17:14:46.000Z", "Computer": "vm-app-web-01", "EventID": 1, "Source": "Microsoft-Windows-Sysmon", "ProcessName": "Teams.exe", "CommandLine": "...", "ParentImage": "explorer.exe"}, {"TimeGenerated": "2026-05-13T17:15:49.000Z", "Computer": "WS-DEV-031", "EventID": 1, "Source": "Microsoft-Windows-Sysmon", "ProcessName": "Teams.exe", "CommandLine": "...", "ParentImage": "explorer.exe"}, {"TimeGenerated": "2026-05-13T17:20:09.000Z", "Computer": "WS-FIN-014", "EventID": 1, "Source": "Microsoft-Windows-Sysmon", "ProcessName": "outlook.exe", "CommandLine": "...", "ParentImage": "explorer.exe"}, {"TimeGenerated": "2026-05-13T17:36:58.000Z", "Computer": "vm-db-prod-01", "EventID": 1, "Source": "Microsoft-Windows-Sysmon", "ProcessName": "Teams.exe", "CommandLine": "...", "ParentImage": "explorer.exe"}, {"TimeGenerated": "2026-05-13T17:38:54.000Z", "Computer": "WS-DEV-011", "EventID": 1, "Source": "Microsoft-Windows-Sysmon", "ProcessName": "chrome.exe", "CommandLine": "...", "ParentImage": "explorer.exe"}, {"TimeGenerated": "2026-05-13T17:45:15.000Z", "Computer": "WS-HR-003", "EventID": 1, "Source": "Microsoft-Windows-Sysmon", "ProcessName": "Teams.exe", "CommandLine": "...", "ParentImage": "explorer.exe"}, {"TimeGenerated": "2026-05-13T17:55:17.000Z", "Computer": "WS-SALES-007", "EventID": 1, "Source": "Microsoft-Windows-Sysmon", "ProcessName": "outlook.exe", "CommandLine": "...", "ParentImage": "explorer.exe"}, {"TimeGenerated": "2026-05-13T17:56:59.000Z", "Computer": "WS-SALES-007", "EventID": 1, "Source": "Microsoft-Windows-Sysmon", "ProcessName": "chrome.exe", "CommandLine": "...", "ParentImage": "explorer.exe"}, {"TimeGenerated": "2026-05-13T17:59:58.000Z", "Computer": "WS-HR-003", "EventID": 1, "Source": "Microsoft-Windows-Sysmon", "ProcessName": "chrome.exe", "CommandLine": "...", "ParentImage": "explorer.exe"}, {"TimeGenerated": "2026-05-13T18:02:50.000Z", "Computer": "WS-LEGAL-005", "EventID": 1, "Source": "Microsoft-Windows-Sysmon", "ProcessName": "outlook.exe", "CommandLine": "...", "ParentImage": "explorer.exe"}, {"TimeGenerated": "2026-05-13T18:04:25.000Z", "Computer": "WS-SALES-007", "EventID": 1, "Source": "Microsoft-Windows-Sysmon", "ProcessName": "outlook.exe", "CommandLine": "...", "ParentImage": "explorer.exe"}, {"TimeGenerated": "2026-05-13T18:05:21.000Z", "Computer": "WS-DEV-011", "EventID": 1, "Source": "Microsoft-Windows-Sysmon", "ProcessName": "Teams.exe", "CommandLine": "...", "ParentImage": "explorer.exe"}, {"TimeGenerated": "2026-05-13T18:10:54.000Z", "Computer": "WS-DEV-031", "EventID": 1, "Source": "Microsoft-Windows-Sysmon", "ProcessName": "svchost.exe", "CommandLine": "...", "ParentImage": "explorer.exe"}, {"TimeGenerated": "2026-05-13T18:15:45.000Z", "Computer": "vm-jumpbox-01", "EventID": 1, "Source": "Microsoft-Windows-Sysmon", "ProcessName": "svchost.exe", "CommandLine": "...", "ParentImage": "explorer.exe"}, {"TimeGenerated": "2026-05-13T18:21:57.000Z", "Computer": "vm-app-web-01", "EventID": 1, "Source": "Microsoft-Windows-Sysmon", "ProcessName": "svchost.exe", "CommandLine": "...", "ParentImage": "explorer.exe"}, {"TimeGenerated": "2026-05-13T18:24:37.000Z", "Computer": "WS-DEV-031", "EventID": 1, "Source": "Microsoft-Windows-Sysmon", "ProcessName": "chrome.exe", "CommandLine": "...", "ParentImage": "explorer.exe"}, {"TimeGenerated": "2026-05-13T18:24:38.000Z", "Computer": "vm-app-web-02", "EventID": 1, "Source": "Microsoft-Windows-Sysmon", "ProcessName": "Teams.exe", "CommandLine": "...", "ParentImage": "explorer.exe"}, {"TimeGenerated": "2026-05-13T18:24:54.000Z", "Computer": "vm-db-prod-01", "EventID": 1, "Source": "Microsoft-Windows-Sysmon", "ProcessName": "chrome.exe", "CommandLine": "...", "ParentImage": "explorer.exe"}, {"TimeGenerated": "2026-05-13T18:28:37.000Z", "Computer": "vm-build-runner-04", "EventID": 1, "Source": "Microsoft-Windows-Sysmon", "ProcessName": "outlook.exe", "CommandLine": "...", "ParentImage": "explorer.exe"}, {"TimeGenerated": "2026-05-13T18:29:50.000Z", "Computer": "WS-FIN-022", "EventID": 1, "Source": "Microsoft-Windows-Sysmon", "ProcessName": "outlook.exe", "CommandLine": "...", "ParentImage": "explorer.exe"}, {"TimeGenerated": "2026-05-13T18:30:59.000Z", "Computer": "vm-jumpbox-01", "EventID": 1, "Source": "Microsoft-Windows-Sysmon", "ProcessName": "outlook.exe", "CommandLine": "...", "ParentImage": "explorer.exe"}, {"TimeGenerated": "2026-05-13T18:31:18.000Z", "Computer": "vm-app-web-02", "EventID": 1, "Source": "Microsoft-Windows-Sysmon", "ProcessName": "outlook.exe", "CommandLine": "...", "ParentImage": "explorer.exe"}, {"TimeGenerated": "2026-05-13T18:36:28.000Z", "Computer": "WS-CEO-001", "EventID": 1, "Source": "Microsoft-Windows-Sysmon", "ProcessName": "chrome.exe", "CommandLine": "...", "ParentImage": "explorer.exe"}, {"TimeGenerated": "2026-05-13T18:37:05.000Z", "Computer": "vm-build-runner-04", "EventID": 1, "Source": "Microsoft-Windows-Sysmon", "ProcessName": "chrome.exe", "CommandLine": "...", "ParentImage": "explorer.exe"}, {"TimeGenerated": "2026-05-13T18:37:16.000Z", "Computer": "WS-HR-003", "EventID": 1, "Source": "Microsoft-Windows-Sysmon", "ProcessName": "svchost.exe", "CommandLine": "...", "ParentImage": "explorer.exe"}, {"TimeGenerated": "2026-05-13T18:41:47.000Z", "Computer": "WS-FIN-014", "EventID": 1, "Source": "Microsoft-Windows-Sysmon", "ProcessName": "Teams.exe", "CommandLine": "...", "ParentImage": "explorer.exe"}, {"TimeGenerated": "2026-05-13T18:51:48.000Z", "Computer": "vm-app-web-02", "EventID": 1, "Source": "Microsoft-Windows-Sysmon", "ProcessName": "svchost.exe", "CommandLine": "...", "ParentImage": "explorer.exe"}, {"TimeGenerated": "2026-05-13T18:57:39.000Z", "Computer": "WS-DEV-031", "EventID": 1, "Source": "Microsoft-Windows-Sysmon", "ProcessName": "svchost.exe", "CommandLine": "...", "ParentImage": "explorer.exe"}, {"TimeGenerated": "2026-05-13T19:00:47.000Z", "Computer": "vm-jumpbox-01", "EventID": 1, "Source": "Microsoft-Windows-Sysmon", "ProcessName": "Teams.exe", "CommandLine": "...", "ParentImage": "explorer.exe"}, {"TimeGenerated": "2026-05-13T19:08:40.000Z", "Computer": "vm-app-web-02", "EventID": 1, "Source": "Microsoft-Windows-Sysmon", "ProcessName": "Teams.exe", "CommandLine": "...", "ParentImage": "explorer.exe"}, {"TimeGenerated": "2026-05-13T19:14:12.000Z", "Computer": "WS-MKT-019", "EventID": 1, "Source": "Microsoft-Windows-Sysmon", "ProcessName": "outlook.exe", "CommandLine": "...", "ParentImage": "explorer.exe"}, {"TimeGenerated": "2026-05-13T19:15:41.000Z", "Computer": "WS-SALES-007", "EventID": 1, "Source": "Microsoft-Windows-Sysmon", "ProcessName": "outlook.exe", "CommandLine": "...", "ParentImage": "explorer.exe"}, {"TimeGenerated": "2026-05-13T19:15:48.000Z", "Computer": "vm-app-web-02", "EventID": 1, "Source": "Microsoft-Windows-Sysmon", "ProcessName": "chrome.exe", "CommandLine": "...", "ParentImage": "explorer.exe"}, {"TimeGenerated": "2026-05-13T19:16:37.000Z", "Computer": "WS-CEO-001", "EventID": 1, "Source": "Microsoft-Windows-Sysmon", "ProcessName": "Teams.exe", "CommandLine": "...", "ParentImage": "explorer.exe"}, {"TimeGenerated": "2026-05-13T19:19:38.000Z", "Computer": "WS-DEV-031", "EventID": 1, "Source": "Microsoft-Windows-Sysmon", "ProcessName": "outlook.exe", "CommandLine": "...", "ParentImage": "explorer.exe"}, {"TimeGenerated": "2026-05-13T19:21:14.000Z", "Computer": "WS-FIN-014", "EventID": 1, "Source": "Microsoft-Windows-Sysmon", "ProcessName": "outlook.exe", "CommandLine": "...", "ParentImage": "explorer.exe"}, {"TimeGenerated": "2026-05-13T19:26:06.000Z", "Computer": "vm-app-web-01", "EventID": 1, "Source": "Microsoft-Windows-Sysmon", "ProcessName": "svchost.exe", "CommandLine": "...", "ParentImage": "explorer.exe"}, {"TimeGenerated": "2026-05-13T19:26:30.000Z", "Computer": "vm-app-web-01", "EventID": 1, "Source": "Microsoft-Windows-Sysmon", "ProcessName": "svchost.exe", "CommandLine": "...", "ParentImage": "explorer.exe"}, {"TimeGenerated": "2026-05-13T19:26:49.000Z", "Computer": "vm-db-prod-01", "EventID": 1, "Source": "Microsoft-Windows-Sysmon", "ProcessName": "outlook.exe", "CommandLine": "...", "ParentImage": "explorer.exe"}, {"TimeGenerated": "2026-05-13T19:30:26.000Z", "Computer": "WS-MKT-019", "EventID": 1, "Source": "Microsoft-Windows-Sysmon", "ProcessName": "svchost.exe", "CommandLine": "...", "ParentImage": "explorer.exe"}, {"TimeGenerated": "2026-05-13T19:32:08.000Z", "Computer": "vm-app-web-02", "EventID": 1, "Source": "Microsoft-Windows-Sysmon", "ProcessName": "outlook.exe", "CommandLine": "...", "ParentImage": "explorer.exe"}, {"TimeGenerated": "2026-05-13T19:32:42.000Z", "Computer": "vm-db-prod-01", "EventID": 1, "Source": "Microsoft-Windows-Sysmon", "ProcessName": "svchost.exe", "CommandLine": "...", "ParentImage": "explorer.exe"}, {"TimeGenerated": "2026-05-13T19:33:06.000Z", "Computer": "WS-FIN-022", "EventID": 1, "Source": "Microsoft-Windows-Sysmon", "ProcessName": "chrome.exe", "CommandLine": "...", "ParentImage": "explorer.exe"}, {"TimeGenerated": "2026-05-13T19:37:59.000Z", "Computer": "WS-DEV-031", "EventID": 1, "Source": "Microsoft-Windows-Sysmon", "ProcessName": "Teams.exe", "CommandLine": "...", "ParentImage": "explorer.exe"}, {"TimeGenerated": "2026-05-13T19:40:02.000Z", "Computer": "WS-DEV-011", "EventID": 1, "Source": "Microsoft-Windows-Sysmon", "ProcessName": "svchost.exe", "CommandLine": "...", "ParentImage": "explorer.exe"}, {"TimeGenerated": "2026-05-13T19:40:14.000Z", "Computer": "vm-db-prod-01", "EventID": 1, "Source": "Microsoft-Windows-Sysmon", "ProcessName": "chrome.exe", "CommandLine": "...", "ParentImage": "explorer.exe"}, {"TimeGenerated": "2026-05-13T19:40:52.000Z", "Computer": "vm-db-prod-01", "EventID": 1, "Source": "Microsoft-Windows-Sysmon", "ProcessName": "Teams.exe", "CommandLine": "...", "ParentImage": "explorer.exe"}, {"TimeGenerated": "2026-05-13T19:44:06.000Z", "Computer": "WS-LEGAL-005", "EventID": 1, "Source": "Microsoft-Windows-Sysmon", "ProcessName": "outlook.exe", "CommandLine": "...", "ParentImage": "explorer.exe"}, {"TimeGenerated": "2026-05-13T19:48:19.000Z", "Computer": "WS-SALES-007", "EventID": 1, "Source": "Microsoft-Windows-Sysmon", "ProcessName": "Teams.exe", "CommandLine": "...", "ParentImage": "explorer.exe"}, {"TimeGenerated": "2026-05-13T19:50:02.000Z", "Computer": "vm-build-runner-04", "EventID": 1, "Source": "Microsoft-Windows-Sysmon", "ProcessName": "svchost.exe", "CommandLine": "...", "ParentImage": "explorer.exe"}, {"TimeGenerated": "2026-05-13T20:01:07.000Z", "Computer": "vm-app-web-01", "EventID": 1, "Source": "Microsoft-Windows-Sysmon", "ProcessName": "chrome.exe", "CommandLine": "...", "ParentImage": "explorer.exe"}, {"TimeGenerated": "2026-05-13T20:04:10.000Z", "Computer": "WS-MKT-019", "EventID": 1, "Source": "Microsoft-Windows-Sysmon", "ProcessName": "chrome.exe", "CommandLine": "...", "ParentImage": "explorer.exe"}, {"TimeGenerated": "2026-05-13T20:06:11.000Z", "Computer": "WS-DEV-011", "EventID": 1, "Source": "Microsoft-Windows-Sysmon", "ProcessName": "chrome.exe", "CommandLine": "...", "ParentImage": "explorer.exe"}, {"TimeGenerated": "2026-05-13T20:07:03.000Z", "Computer": "WS-DEV-011", "EventID": 1, "Source": "Microsoft-Windows-Sysmon", "ProcessName": "Teams.exe", "CommandLine": "...", "ParentImage": "explorer.exe"}, {"TimeGenerated": "2026-05-13T20:15:11.000Z", "Computer": "WS-LEGAL-005", "EventID": 1, "Source": "Microsoft-Windows-Sysmon", "ProcessName": "chrome.exe", "CommandLine": "...", "ParentImage": "explorer.exe"}, {"TimeGenerated": "2026-05-13T20:19:34.000Z", "Computer": "vm-build-runner-04", "EventID": 1, "Source": "Microsoft-Windows-Sysmon", "ProcessName": "Teams.exe", "CommandLine": "...", "ParentImage": "explorer.exe"}, {"TimeGenerated": "2026-05-13T20:21:20.000Z", "Computer": "vm-jumpbox-01", "EventID": 1, "Source": "Microsoft-Windows-Sysmon", "ProcessName": "outlook.exe", "CommandLine": "...", "ParentImage": "explorer.exe"}, {"TimeGenerated": "2026-05-13T20:22:41.000Z", "Computer": "WS-DEV-031", "EventID": 1, "Source": "Microsoft-Windows-Sysmon", "ProcessName": "Teams.exe", "CommandLine": "...", "ParentImage": "explorer.exe"}, {"TimeGenerated": "2026-05-13T20:23:48.000Z", "Computer": "vm-build-runner-04", "EventID": 1, "Source": "Microsoft-Windows-Sysmon", "ProcessName": "Teams.exe", "CommandLine": "...", "ParentImage": "explorer.exe"}, {"TimeGenerated": "2026-05-13T20:33:17.000Z", "Computer": "vm-app-web-02", "EventID": 1, "Source": "Microsoft-Windows-Sysmon", "ProcessName": "chrome.exe", "CommandLine": "...", "ParentImage": "explorer.exe"}, {"TimeGenerated": "2026-05-13T20:36:56.000Z", "Computer": "vm-app-web-02", "EventID": 1, "Source": "Microsoft-Windows-Sysmon", "ProcessName": "outlook.exe", "CommandLine": "...", "ParentImage": "explorer.exe"}, {"TimeGenerated": "2026-05-13T20:37:41.000Z", "Computer": "WS-FIN-014", "EventID": 1, "Source": "Microsoft-Windows-Sysmon", "ProcessName": "chrome.exe", "CommandLine": "...", "ParentImage": "explorer.exe"}, {"TimeGenerated": "2026-05-13T20:37:56.000Z", "Computer": "WS-SALES-007", "EventID": 1, "Source": "Microsoft-Windows-Sysmon", "ProcessName": "outlook.exe", "CommandLine": "...", "ParentImage": "explorer.exe"}, {"TimeGenerated": "2026-05-13T20:39:09.000Z", "Computer": "WS-HR-003", "EventID": 1, "Source": "Microsoft-Windows-Sysmon", "ProcessName": "chrome.exe", "CommandLine": "...", "ParentImage": "explorer.exe"}, {"TimeGenerated": "2026-05-13T20:43:50.000Z", "Computer": "WS-CEO-001", "EventID": 1, "Source": "Microsoft-Windows-Sysmon", "ProcessName": "Teams.exe", "CommandLine": "...", "ParentImage": "explorer.exe"}, {"TimeGenerated": "2026-05-13T20:50:25.000Z", "Computer": "WS-MKT-019", "EventID": 1, "Source": "Microsoft-Windows-Sysmon", "ProcessName": "svchost.exe", "CommandLine": "...", "ParentImage": "explorer.exe"}, {"TimeGenerated": "2026-05-13T20:51:03.000Z", "Computer": "WS-DEV-031", "EventID": 1, "Source": "Microsoft-Windows-Sysmon", "ProcessName": "outlook.exe", "CommandLine": "...", "ParentImage": "explorer.exe"}, {"TimeGenerated": "2026-05-13T20:51:05.000Z", "Computer": "vm-app-web-01", "EventID": 1, "Source": "Microsoft-Windows-Sysmon", "ProcessName": "Teams.exe", "CommandLine": "...", "ParentImage": "explorer.exe"}, {"TimeGenerated": "2026-05-13T20:52:37.000Z", "Computer": "vm-app-web-02", "EventID": 1, "Source": "Microsoft-Windows-Sysmon", "ProcessName": "chrome.exe", "CommandLine": "...", "ParentImage": "explorer.exe"}, {"TimeGenerated": "2026-05-13T20:53:05.000Z", "Computer": "WS-FIN-022", "EventID": 1, "Source": "Microsoft-Windows-Sysmon", "ProcessName": "Teams.exe", "CommandLine": "...", "ParentImage": "explorer.exe"}, {"TimeGenerated": "2026-05-13T20:56:54.000Z", "Computer": "vm-app-web-01", "EventID": 1, "Source": "Microsoft-Windows-Sysmon", "ProcessName": "chrome.exe", "CommandLine": "...", "ParentImage": "explorer.exe"}, {"TimeGenerated": "2026-05-13T20:57:26.000Z", "Computer": "vm-app-web-01", "EventID": 1, "Source": "Microsoft-Windows-Sysmon", "ProcessName": "svchost.exe", "CommandLine": "...", "ParentImage": "explorer.exe"}, {"TimeGenerated": "2026-05-13T20:58:47.000Z", "Computer": "vm-app-web-01", "EventID": 1, "Source": "Microsoft-Windows-Sysmon", "ProcessName": "svchost.exe", "CommandLine": "...", "ParentImage": "explorer.exe"}, {"TimeGenerated": "2026-05-13T20:59:59.000Z", "Computer": "WS-LEGAL-005", "EventID": 1, "Source": "Microsoft-Windows-Sysmon", "ProcessName": "svchost.exe", "CommandLine": "...", "ParentImage": "explorer.exe"}, {"TimeGenerated": "2026-05-13T21:01:08.000Z", "Computer": "WS-SALES-007", "EventID": 1, "Source": "Microsoft-Windows-Sysmon", "ProcessName": "svchost.exe", "CommandLine": "...", "ParentImage": "explorer.exe"}, {"TimeGenerated": "2026-05-13T21:10:47.000Z", "Computer": "WS-LEGAL-005", "EventID": 1, "Source": "Microsoft-Windows-Sysmon", "ProcessName": "outlook.exe", "CommandLine": "...", "ParentImage": "explorer.exe"}, {"TimeGenerated": "2026-05-13T21:11:24.000Z", "Computer": "WS-HR-003", "EventID": 1, "Source": "Microsoft-Windows-Sysmon", "ProcessName": "chrome.exe", "CommandLine": "...", "ParentImage": "explorer.exe"}, {"TimeGenerated": "2026-05-13T21:19:16.000Z", "Computer": "WS-HR-003", "EventID": 1, "Source": "Microsoft-Windows-Sysmon", "ProcessName": "Teams.exe", "CommandLine": "...", "ParentImage": "explorer.exe"}, {"TimeGenerated": "2026-05-13T21:24:47.000Z", "Computer": "vm-jumpbox-01", "EventID": 1, "Source": "Microsoft-Windows-Sysmon", "ProcessName": "outlook.exe", "CommandLine": "...", "ParentImage": "explorer.exe"}, {"TimeGenerated": "2026-05-13T21:25:36.000Z", "Computer": "WS-FIN-022", "EventID": 1, "Source": "Microsoft-Windows-Sysmon", "ProcessName": "outlook.exe", "CommandLine": "...", "ParentImage": "explorer.exe"}, {"TimeGenerated": "2026-05-13T21:31:17.000Z", "Computer": "WS-CEO-001", "EventID": 1, "Source": "Microsoft-Windows-Sysmon", "ProcessName": "svchost.exe", "CommandLine": "...", "ParentImage": "explorer.exe"}, {"TimeGenerated": "2026-05-13T21:34:10.000Z", "Computer": "WS-IT-002", "EventID": 1, "Source": "Microsoft-Windows-Sysmon", "ProcessName": "outlook.exe", "CommandLine": "...", "ParentImage": "explorer.exe"}, {"TimeGenerated": "2026-05-13T21:36:07.000Z", "Computer": "WS-DEV-031", "EventID": 1, "Source": "Microsoft-Windows-Sysmon", "ProcessName": "svchost.exe", "CommandLine": "...", "ParentImage": "explorer.exe"}, {"TimeGenerated": "2026-05-13T21:36:39.000Z", "Computer": "WS-MKT-019", "EventID": 1, "Source": "Microsoft-Windows-Sysmon", "ProcessName": "chrome.exe", "CommandLine": "...", "ParentImage": "explorer.exe"}, {"TimeGenerated": "2026-05-13T21:37:52.000Z", "Computer": "vm-build-runner-04", "EventID": 1, "Source": "Microsoft-Windows-Sysmon", "ProcessName": "chrome.exe", "CommandLine": "...", "ParentImage": "explorer.exe"}, {"TimeGenerated": "2026-05-13T21:39:01.000Z", "Computer": "vm-app-web-02", "EventID": 1, "Source": "Microsoft-Windows-Sysmon", "ProcessName": "svchost.exe", "CommandLine": "...", "ParentImage": "explorer.exe"}, {"TimeGenerated": "2026-05-13T21:41:51.000Z", "Computer": "WS-HR-003", "EventID": 1, "Source": "Microsoft-Windows-Sysmon", "ProcessName": "outlook.exe", "CommandLine": "...", "ParentImage": "explorer.exe"}, {"TimeGenerated": "2026-05-13T21:46:55.000Z", "Computer": "WS-HR-003", "EventID": 1, "Source": "Microsoft-Windows-Sysmon", "ProcessName": "outlook.exe", "CommandLine": "...", "ParentImage": "explorer.exe"}, {"TimeGenerated": "2026-05-13T21:48:05.000Z", "Computer": "WS-FIN-014", "EventID": 1, "Source": "Microsoft-Windows-Sysmon", "ProcessName": "outlook.exe", "CommandLine": "...", "ParentImage": "explorer.exe"}, {"TimeGenerated": "2026-05-13T21:52:45.000Z", "Computer": "vm-build-runner-04", "EventID": 1, "Source": "Microsoft-Windows-Sysmon", "ProcessName": "Teams.exe", "CommandLine": "...", "ParentImage": "explorer.exe"}, {"TimeGenerated": "2026-05-13T22:00:53.000Z", "Computer": "vm-app-web-02", "EventID": 1, "Source": "Microsoft-Windows-Sysmon", "ProcessName": "Teams.exe", "CommandLine": "...", "ParentImage": "explorer.exe"}, {"TimeGenerated": "2026-05-13T22:05:21.000Z", "Computer": "WS-MKT-019", "EventID": 1, "Source": "Microsoft-Windows-Sysmon", "ProcessName": "svchost.exe", "CommandLine": "...", "ParentImage": "explorer.exe"}, {"TimeGenerated": "2026-05-13T22:06:18.000Z", "Computer": "WS-MKT-019", "EventID": 1, "Source": "Microsoft-Windows-Sysmon", "ProcessName": "chrome.exe", "CommandLine": "...", "ParentImage": "explorer.exe"}, {"TimeGenerated": "2026-05-13T22:07:01.000Z", "Computer": "WS-IT-002", "EventID": 1, "Source": "Microsoft-Windows-Sysmon", "ProcessName": "outlook.exe", "CommandLine": "...", "ParentImage": "explorer.exe"}, {"TimeGenerated": "2026-05-13T22:09:53.000Z", "Computer": "WS-HR-003", "EventID": 1, "Source": "Microsoft-Windows-Sysmon", "ProcessName": "chrome.exe", "CommandLine": "...", "ParentImage": "explorer.exe"}, {"TimeGenerated": "2026-05-13T22:11:50.000Z", "Computer": "vm-jumpbox-01", "EventID": 1, "Source": "Microsoft-Windows-Sysmon", "ProcessName": "outlook.exe", "CommandLine": "...", "ParentImage": "explorer.exe"}, {"TimeGenerated": "2026-05-13T22:13:41.000Z", "Computer": "WS-HR-003", "EventID": 1, "Source": "Microsoft-Windows-Sysmon", "ProcessName": "svchost.exe", "CommandLine": "...", "ParentImage": "explorer.exe"}, {"TimeGenerated": "2026-05-13T22:16:19.000Z", "Computer": "WS-SALES-007", "EventID": 1, "Source": "Microsoft-Windows-Sysmon", "ProcessName": "outlook.exe", "CommandLine": "...", "ParentImage": "explorer.exe"}, {"TimeGenerated": "2026-05-13T22:16:21.000Z", "Computer": "WS-DEV-011", "EventID": 1, "Source": "Microsoft-Windows-Sysmon", "ProcessName": "Teams.exe", "CommandLine": "...", "ParentImage": "explorer.exe"}, {"TimeGenerated": "2026-05-13T22:16:54.000Z", "Computer": "WS-FIN-022", "EventID": 1, "Source": "Microsoft-Windows-Sysmon", "ProcessName": "svchost.exe", "CommandLine": "...", "ParentImage": "explorer.exe"}, {"TimeGenerated": "2026-05-13T22:20:58.000Z", "Computer": "vm-build-runner-04", "EventID": 1, "Source": "Microsoft-Windows-Sysmon", "ProcessName": "svchost.exe", "CommandLine": "...", "ParentImage": "explorer.exe"}, {"TimeGenerated": "2026-05-13T22:21:28.000Z", "Computer": "WS-DEV-011", "EventID": 1, "Source": "Microsoft-Windows-Sysmon", "ProcessName": "outlook.exe", "CommandLine": "...", "ParentImage": "explorer.exe"}, {"TimeGenerated": "2026-05-13T22:21:43.000Z", "Computer": "WS-FIN-014", "EventID": 1, "Source": "Microsoft-Windows-Sysmon", "ProcessName": "chrome.exe", "CommandLine": "...", "ParentImage": "explorer.exe"}, {"TimeGenerated": "2026-05-13T22:26:40.000Z", "Computer": "WS-HR-003", "EventID": 1, "Source": "Microsoft-Windows-Sysmon", "ProcessName": "svchost.exe", "CommandLine": "...", "ParentImage": "explorer.exe"}, {"TimeGenerated": "2026-05-13T22:36:57.000Z", "Computer": "WS-HR-003", "EventID": 1, "Source": "Microsoft-Windows-Sysmon", "ProcessName": "svchost.exe", "CommandLine": "...", "ParentImage": "explorer.exe"}, {"TimeGenerated": "2026-05-13T22:39:42.000Z", "Computer": "vm-app-web-01", "EventID": 1, "Source": "Microsoft-Windows-Sysmon", "ProcessName": "outlook.exe", "CommandLine": "...", "ParentImage": "explorer.exe"}, {"TimeGenerated": "2026-05-13T22:40:28.000Z", "Computer": "WS-CEO-001", "EventID": 1, "Source": "Microsoft-Windows-Sysmon", "ProcessName": "svchost.exe", "CommandLine": "...", "ParentImage": "explorer.exe"}, {"TimeGenerated": "2026-05-13T22:42:17.000Z", "Computer": "vm-app-web-02", "EventID": 1, "Source": "Microsoft-Windows-Sysmon", "ProcessName": "Teams.exe", "CommandLine": "...", "ParentImage": "explorer.exe"}, {"TimeGenerated": "2026-05-13T22:50:08.000Z", "Computer": "WS-IT-002", "EventID": 1, "Source": "Microsoft-Windows-Sysmon", "ProcessName": "svchost.exe", "CommandLine": "...", "ParentImage": "explorer.exe"}, {"TimeGenerated": "2026-05-13T22:51:53.000Z", "Computer": "vm-build-runner-04", "EventID": 1, "Source": "Microsoft-Windows-Sysmon", "ProcessName": "svchost.exe", "CommandLine": "...", "ParentImage": "explorer.exe"}, {"TimeGenerated": "2026-05-13T22:53:54.000Z", "Computer": "WS-HR-003", "EventID": 1, "Source": "Microsoft-Windows-Sysmon", "ProcessName": "outlook.exe", "CommandLine": "...", "ParentImage": "explorer.exe"}, {"TimeGenerated": "2026-05-13T22:54:23.000Z", "Computer": "vm-app-web-01", "EventID": 1, "Source": "Microsoft-Windows-Sysmon", "ProcessName": "outlook.exe", "CommandLine": "...", "ParentImage": "explorer.exe"}, 