[{"TimeGenerated": "2026-05-13T00:01:47.000Z", "Computer": "WS-FIN-022", "EventID": 1, "Source": "Microsoft-Windows-Sysmon", "ProcessName": "Teams.exe", "CommandLine": "...", "ParentImage": "explorer.exe"}, {"TimeGenerated": "2026-05-13T00:03:06.000Z", "Computer": "WS-DEV-011", "EventID": 1, "Source": "Microsoft-Windows-Sysmon", "ProcessName": "outlook.exe", "CommandLine": "...", "ParentImage": "explorer.exe"}, {"TimeGenerated": "2026-05-13T00:03:17.000Z", "Computer": "vm-app-web-01", "EventID": 1, "Source": "Microsoft-Windows-Sysmon", "ProcessName": "Teams.exe", "CommandLine": "...", "ParentImage": "explorer.exe"}, {"TimeGenerated": "2026-05-13T00:05:03.000Z", "Computer": "WS-LEGAL-005", "EventID": 1, "Source": "Microsoft-Windows-Sysmon", "ProcessName": "svchost.exe", "CommandLine": "...", "ParentImage": "explorer.exe"}, {"TimeGenerated": "2026-05-13T00:13:47.000Z", "Computer": "WS-MKT-019", "EventID": 1, "Source": "Microsoft-Windows-Sysmon", "ProcessName": "outlook.exe", "CommandLine": "...", "ParentImage": "explorer.exe"}, {"TimeGenerated": "2026-05-13T00:20:21.000Z", "Computer": "WS-HR-003", "EventID": 1, "Source": "Microsoft-Windows-Sysmon", "ProcessName": "chrome.exe", "CommandLine": "...", "ParentImage": "explorer.exe"}, {"TimeGenerated": "2026-05-13T00:22:33.000Z", "Computer": "vm-db-prod-01", "EventID": 1, "Source": "Microsoft-Windows-Sysmon", "ProcessName": "outlook.exe", "CommandLine": "...", "ParentImage": "explorer.exe"}, {"TimeGenerated": "2026-05-13T00:25:39.000Z", "Computer": "WS-DEV-011", "EventID": 1, "Source": "Microsoft-Windows-Sysmon", "ProcessName": "svchost.exe", "CommandLine": "...", "ParentImage": "explorer.exe"}, {"TimeGenerated": "2026-05-13T00:29:35.000Z", "Computer": "WS-MKT-019", "EventID": 1, "Source": "Microsoft-Windows-Sysmon", "ProcessName": "outlook.exe", "CommandLine": "...", "ParentImage": "explorer.exe"}, {"TimeGenerated": "2026-05-13T00:32:34.000Z", "Computer": "WS-FIN-022", "EventID": 1, "Source": "Microsoft-Windows-Sysmon", "ProcessName": "svchost.exe", "CommandLine": "...", "ParentImage": "explorer.exe"}, {"TimeGenerated": "2026-05-13T00:36:56.000Z", "Computer": "vm-jumpbox-01", "EventID": 1, "Source": "Microsoft-Windows-Sysmon", "ProcessName": "chrome.exe", "CommandLine": "...", "ParentImage": "explorer.exe"}, {"TimeGenerated": "2026-05-13T00:40:53.000Z", "Computer": "WS-DEV-011", "EventID": 1, "Source": "Microsoft-Windows-Sysmon", "ProcessName": "Teams.exe", "CommandLine": "...", "ParentImage": "explorer.exe"}, {"TimeGenerated": "2026-05-13T00:43:13.000Z", "Computer": "WS-SALES-007", "EventID": 1, "Source": "Microsoft-Windows-Sysmon", "ProcessName": "svchost.exe", "CommandLine": "...", "ParentImage": "explorer.exe"}, {"TimeGenerated": "2026-05-13T00:45:27.000Z", "Computer": "vm-app-web-02", "EventID": 1, "Source": "Microsoft-Windows-Sysmon", "ProcessName": "Teams.exe", "CommandLine": "...", "ParentImage": "explorer.exe"}, {"TimeGenerated": "2026-05-13T00:57:49.000Z", "Computer": "vm-jumpbox-01", "EventID": 1, "Source": "Microsoft-Windows-Sysmon", "ProcessName": "outlook.exe", "CommandLine": "...", "ParentImage": "explorer.exe"}, {"TimeGenerated": "2026-05-13T01:00:40.000Z", "Computer": "vm-build-runner-04", "EventID": 1, "Source": "Microsoft-Windows-Sysmon", "ProcessName": "outlook.exe", "CommandLine": "...", "ParentImage": "explorer.exe"}, {"TimeGenerated": "2026-05-13T01:01:51.000Z", "Computer": "WS-MKT-019", "EventID": 1, "Source": "Microsoft-Windows-Sysmon", "ProcessName": "outlook.exe", "CommandLine": "...", "ParentImage": "explorer.exe"}, {"TimeGenerated": "2026-05-13T01:03:26.000Z", "Computer": "WS-IT-002", "EventID": 1, "Source": "Microsoft-Windows-Sysmon", "ProcessName": "outlook.exe", "CommandLine": "...", "ParentImage": "explorer.exe"}, {"TimeGenerated": "2026-05-13T01:05:30.000Z", "Computer": "WS-LEGAL-005", "EventID": 1, "Source": "Microsoft-Windows-Sysmon", "ProcessName": "chrome.exe", "CommandLine": "...", "ParentImage": "explorer.exe"}, {"TimeGenerated": "2026-05-13T01:07:27.000Z", "Computer": "WS-LEGAL-005", "EventID": 1, "Source": "Microsoft-Windows-Sysmon", "ProcessName": "outlook.exe", "CommandLine": "...", "ParentImage": "explorer.exe"}, {"TimeGenerated": "2026-05-13T01:11:22.000Z", "Computer": "WS-LEGAL-005", "EventID": 1, "Source": "Microsoft-Windows-Sysmon", "ProcessName": "outlook.exe", "CommandLine": "...", "ParentImage": "explorer.exe"}, {"TimeGenerated": "2026-05-13T01:12:08.000Z", "Computer": "WS-FIN-014", "EventID": 1, "Source": "Microsoft-Windows-Sysmon", "ProcessName": "svchost.exe", "CommandLine": "...", "ParentImage": "explorer.exe"}, {"TimeGenerated": "2026-05-13T01:13:09.000Z", "Computer": "vm-db-prod-01", "EventID": 1, "Source": "Microsoft-Windows-Sysmon", "ProcessName": "Teams.exe", "CommandLine": "...", "ParentImage": "explorer.exe"}, {"TimeGenerated": "2026-05-13T01:15:55.000Z", "Computer": "WS-MKT-019", "EventID": 1, "Source": "Microsoft-Windows-Sysmon", "ProcessName": "svchost.exe", "CommandLine": "...", "ParentImage": "explorer.exe"}, {"TimeGenerated": "2026-05-13T01:19:26.000Z", "Computer": "WS-FIN-014", "EventID": 1, "Source": "Microsoft-Windows-Sysmon", "ProcessName": "Teams.exe", "CommandLine": "...", "ParentImage": "explorer.exe"}, {"TimeGenerated": "2026-05-13T01:21:27.000Z", "Computer": "WS-IT-002", "EventID": 1, "Source": "Microsoft-Windows-Sysmon", "ProcessName": "chrome.exe", "CommandLine": "...", "ParentImage": "explorer.exe"}, {"TimeGenerated": "2026-05-13T01:22:12.000Z", "Computer": "vm-jumpbox-01", "EventID": 1, "Source": "Microsoft-Windows-Sysmon", "ProcessName": "svchost.exe", "CommandLine": "...", "ParentImage": "explorer.exe"}, {"TimeGenerated": "2026-05-13T01:33:01.000Z", "Computer": "vm-app-web-02", "EventID": 1, "Source": "Microsoft-Windows-Sysmon", "ProcessName": "svchost.exe", "CommandLine": "...", "ParentImage": "explorer.exe"}, {"TimeGenerated": "2026-05-13T01:33:44.000Z", "Computer": "WS-DEV-011", "EventID": 1, "Source": "Microsoft-Windows-Sysmon", "ProcessName": "outlook.exe", "CommandLine": "...", "ParentImage": "explorer.exe"}, {"TimeGenerated": "2026-05-13T01:34:42.000Z", "Computer": "WS-MKT-019", "EventID": 1, "Source": "Microsoft-Windows-Sysmon", "ProcessName": "outlook.exe", "CommandLine": "...", "ParentImage": "explorer.exe"}, {"TimeGenerated": "2026-05-13T01:35:15.000Z", "Computer": "WS-DEV-011", "EventID": 1, "Source": "Microsoft-Windows-Sysmon", "ProcessName": "Teams.exe", "CommandLine": "...", "ParentImage": "explorer.exe"}, {"TimeGenerated": "2026-05-13T01:39:20.000Z", "Computer": "WS-DEV-011", "EventID": 1, "Source": "Microsoft-Windows-Sysmon", "ProcessName": "Teams.exe", "CommandLine": "...", "ParentImage": "explorer.exe"}, {"TimeGenerated": "2026-05-13T01:42:31.000Z", "Computer": "WS-HR-003", "EventID": 1, "Source": "Microsoft-Windows-Sysmon", "ProcessName": "Teams.exe", "CommandLine": "...", "ParentImage": "explorer.exe"}, {"TimeGenerated": "2026-05-13T01:44:59.000Z", "Computer": "WS-CEO-001", "EventID": 1, "Source": "Microsoft-Windows-Sysmon", "ProcessName": "Teams.exe", "CommandLine": "...", "ParentImage": "explorer.exe"}, {"TimeGenerated": "2026-05-13T01:46:11.000Z", "Computer": "WS-FIN-022", "EventID": 1, "Source": "Microsoft-Windows-Sysmon", "ProcessName": "svchost.exe", "CommandLine": "...", "ParentImage": "explorer.exe"}, {"TimeGenerated": "2026-05-13T01:48:14.000Z", "Computer": "vm-app-web-01", "EventID": 1, "Source": "Microsoft-Windows-Sysmon", "ProcessName": "outlook.exe", "CommandLine": "...", "ParentImage": "explorer.exe"}, {"TimeGenerated": "2026-05-13T01:49:05.000Z", "Computer": "WS-FIN-014", "EventID": 1, "Source": "Microsoft-Windows-Sysmon", "ProcessName": "Teams.exe", "CommandLine": "...", "ParentImage": "explorer.exe"}, {"TimeGenerated": "2026-05-13T02:04:32.000Z", "Computer": "WS-IT-002", "EventID": 1, "Source": "Microsoft-Windows-Sysmon", "ProcessName": "svchost.exe", "CommandLine": "...", "ParentImage": "explorer.exe"}, {"TimeGenerated": "2026-05-13T02:05:50.000Z", "Computer": "WS-DEV-031", "EventID": 1, "Source": "Microsoft-Windows-Sysmon", "ProcessName": "Teams.exe", "CommandLine": "...", "ParentImage": "explorer.exe"}, {"TimeGenerated": "2026-05-13T02:07:40.000Z", "Computer": "WS-HR-003", "EventID": 1, "Source": "Microsoft-Windows-Sysmon", "ProcessName": "Teams.exe", "CommandLine": "...", "ParentImage": "explorer.exe"}, {"TimeGenerated": "2026-05-13T02:07:46.000Z", "Computer": "WS-MKT-019", "EventID": 1, "Source": "Microsoft-Windows-Sysmon", "ProcessName": "svchost.exe", "CommandLine": "...", "ParentImage": "explorer.exe"}, {"TimeGenerated": "2026-05-13T02:10:17.000Z", "Computer": "WS-MKT-019", "EventID": 1, "Source": "Microsoft-Windows-Sysmon", "ProcessName": "svchost.exe", "CommandLine": "...", "ParentImage": "explorer.exe"}, {"TimeGenerated": "2026-05-13T02:11:30.000Z", "Computer": "WS-MKT-019", "EventID": 1, "Source": "Microsoft-Windows-Sysmon", "ProcessName": "chrome.exe", "CommandLine": "...", "ParentImage": "explorer.exe"}, {"TimeGenerated": "2026-05-13T02:16:17.000Z", "Computer": "WS-FIN-014", "EventID": 1, "Source": "Microsoft-Windows-Sysmon", "ProcessName": "outlook.exe", "CommandLine": "...", "ParentImage": "explorer.exe"}, {"TimeGenerated": "2026-05-13T02:18:11.000Z", "Computer": "WS-DEV-031", "EventID": 1, "Source": "Microsoft-Windows-Sysmon", "ProcessName": "outlook.exe", "CommandLine": "...", "ParentImage": "explorer.exe"}, {"TimeGenerated": "2026-05-13T02:18:53.000Z", "Computer": "WS-SALES-007", "EventID": 1, "Source": "Microsoft-Windows-Sysmon", "ProcessName": "Teams.exe", "CommandLine": "...", "ParentImage": "explorer.exe"}, {"TimeGenerated": "2026-05-13T02:20:42.000Z", "Computer": "WS-MKT-019", "EventID": 1, "Source": "Microsoft-Windows-Sysmon", "ProcessName": "outlook.exe", "CommandLine": "...", "ParentImage": "explorer.exe"}, {"TimeGenerated": "2026-05-13T02:28:46.000Z", "Computer": "vm-app-web-02", "EventID": 1, "Source": "Microsoft-Windows-Sysmon", "ProcessName": "chrome.exe", "CommandLine": "...", "ParentImage": "explorer.exe"}, {"TimeGenerated": "2026-05-13T02:30:15.000Z", "Computer": "WS-DEV-011", "EventID": 1, "Source": "Microsoft-Windows-Sysmon", "ProcessName": "outlook.exe", "CommandLine": "...", "ParentImage": "explorer.exe"}, {"TimeGenerated": "2026-05-13T02:35:54.000Z", "Computer": "vm-jumpbox-01", "EventID": 1, "Source": "Microsoft-Windows-Sysmon", "ProcessName": "outlook.exe", "CommandLine": "...", "ParentImage": "explorer.exe"}, {"TimeGenerated": "2026-05-13T02:39:27.000Z", "Computer": "vm-app-web-02", "EventID": 1, "Source": "Microsoft-Windows-Sysmon", "ProcessName": "outlook.exe", "CommandLine": "...", "ParentImage": "explorer.exe"}, {"TimeGenerated": "2026-05-13T02:46:36.000Z", "Computer": "WS-DEV-031", "EventID": 1, "Source": "Microsoft-Windows-Sysmon", "ProcessName": "outlook.exe", "CommandLine": "...", "ParentImage": "explorer.exe"}, {"TimeGenerated": "2026-05-13T02:51:11.000Z", "Computer": "vm-db-prod-01", "EventID": 1, "Source": "Microsoft-Windows-Sysmon", "ProcessName": "outlook.exe", "CommandLine": "...", "ParentImage": "explorer.exe"}, {"TimeGenerated": "2026-05-13T02:52:19.000Z", "Computer": "WS-CEO-001", "EventID": 1, "Source": "Microsoft-Windows-Sysmon", "ProcessName": "Teams.exe", "CommandLine": "...", "ParentImage": "explorer.exe"}, {"TimeGenerated": "2026-05-13T02:53:27.000Z", "Computer": "WS-DEV-031", "EventID": 1, "Source": "Microsoft-Windows-Sysmon", "ProcessName": "svchost.exe", "CommandLine": "...", "ParentImage": "explorer.exe"}, {"TimeGenerated": "2026-05-13T03:04:40.000Z", "Computer": "WS-FIN-022", "EventID": 1, "Source": "Microsoft-Windows-Sysmon", "ProcessName": "chrome.exe", "CommandLine": "...", "ParentImage": "explorer.exe"}, {"TimeGenerated": "2026-05-13T03:04:54.000Z", "Computer": "WS-FIN-022", "EventID": 1, "Source": "Microsoft-Windows-Sysmon", "ProcessName": "Teams.exe", "CommandLine": "...", "ParentImage": "explorer.exe"}, {"TimeGenerated": "2026-05-13T03:10:17.000Z", "Computer": "WS-LEGAL-005", "EventID": 1, "Source": "Microsoft-Windows-Sysmon", "ProcessName": "outlook.exe", "CommandLine": "...", "ParentImage": "explorer.exe"}, {"TimeGenerated": "2026-05-13T03:15:49.000Z", "Computer": "vm-db-prod-01", "EventID": 1, "Source": "Microsoft-Windows-Sysmon", "ProcessName": "svchost.exe", "CommandLine": "...", "ParentImage": "explorer.exe"}, {"TimeGenerated": "2026-05-13T03:16:42.000Z", "Computer": "WS-MKT-019", "EventID": 1, "Source": "Microsoft-Windows-Sysmon", "ProcessName": "svchost.exe", "CommandLine": "...", "ParentImage": "explorer.exe"}, {"TimeGenerated": "2026-05-13T03:18:30.000Z", "Computer": "WS-MKT-019", "EventID": 1, "Source": "Microsoft-Windows-Sysmon", "ProcessName": "Teams.exe", "CommandLine": "...", "ParentImage": "explorer.exe"}, {"TimeGenerated": "2026-05-13T03:20:11.000Z", "Computer": "WS-CEO-001", "EventID": 1, "Source": "Microsoft-Windows-Sysmon", "ProcessName": "chrome.exe", "CommandLine": "...", "ParentImage": "explorer.exe"}, {"TimeGenerated": "2026-05-13T03:21:48.000Z", "Computer": "WS-CEO-001", "EventID": 1, "Source": "Microsoft-Windows-Sysmon", "ProcessName": "outlook.exe", "CommandLine": "...", "ParentImage": "explorer.exe"}, {"TimeGenerated": "2026-05-13T03:26:08.000Z", "Computer": "vm-db-prod-01", "EventID": 1, "Source": "Microsoft-Windows-Sysmon", "ProcessName": "Teams.exe", "CommandLine": "...", "ParentImage": "explorer.exe"}, {"TimeGenerated": "2026-05-13T03:29:55.000Z", "Computer": "WS-HR-003", "EventID": 1, "Source": "Microsoft-Windows-Sysmon", "ProcessName": "chrome.exe", "CommandLine": "...", "ParentImage": "explorer.exe"}, {"TimeGenerated": "2026-05-13T03:30:30.000Z", "Computer": "WS-FIN-014", "EventID": 1, "Source": "Microsoft-Windows-Sysmon", "ProcessName": "outlook.exe", "CommandLine": "...", "ParentImage": "explorer.exe"}, {"TimeGenerated": "2026-05-13T03:32:06.000Z", "Computer": "WS-IT-002", "EventID": 1, "Source": "Microsoft-Windows-Sysmon", "ProcessName": "Teams.exe", "CommandLine": "...", "ParentImage": "explorer.exe"}, {"TimeGenerated": "2026-05-13T03:35:32.000Z", "Computer": "WS-FIN-014", "EventID": 1, "Source": "Microsoft-Windows-Sysmon", "ProcessName": "svchost.exe", "CommandLine": "...", "ParentImage": "explorer.exe"}, {"TimeGenerated": "2026-05-13T03:37:55.000Z", "Computer": "WS-IT-002", "EventID": 1, "Source": "Microsoft-Windows-Sysmon", "ProcessName": "Teams.exe", "CommandLine": "...", "ParentImage": "explorer.exe"}, {"TimeGenerated": "2026-05-13T03:37:57.000Z", "Computer": "WS-DEV-031", "EventID": 1, "Source": "Microsoft-Windows-Sysmon", "ProcessName": "Teams.exe", "CommandLine": "...", "ParentImage": "explorer.exe"}, {"TimeGenerated": "2026-05-13T03:41:32.000Z", "Computer": "vm-build-runner-04", "EventID": 1, "Source": "Microsoft-Windows-Sysmon", "ProcessName": "chrome.exe", "CommandLine": "...", "ParentImage": "explorer.exe"}, {"TimeGenerated": "2026-05-13T03:41:55.000Z", "Computer": "vm-db-prod-01", "EventID": 1, "Source": "Microsoft-Windows-Sysmon", "ProcessName": "svchost.exe", "CommandLine": "...", "ParentImage": "explorer.exe"}, {"TimeGenerated": "2026-05-13T03:46:14.000Z", "Computer": "vm-jumpbox-01", "EventID": 1, "Source": "Microsoft-Windows-Sysmon", "ProcessName": "outlook.exe", "CommandLine": "...", "ParentImage": "explorer.exe"}, {"TimeGenerated": "2026-05-13T03:46:20.000Z", "Computer": "WS-FIN-014", "EventID": 1, "Source": "Microsoft-Windows-Sysmon", "ProcessName": "svchost.exe", "CommandLine": "...", "ParentImage": "explorer.exe"}, {"TimeGenerated": "2026-05-13T03:47:09.000Z", "Computer": "vm-app-web-02", "EventID": 1, "Source": "Microsoft-Windows-Sysmon", "ProcessName": "chrome.exe", "CommandLine": "...", "ParentImage": "explorer.exe"}, {"TimeGenerated": "2026-05-13T03:48:50.000Z", "Computer": "WS-IT-002", "EventID": 1, "Source": "Microsoft-Windows-Sysmon", "ProcessName": "svchost.exe", "CommandLine": "...", "ParentImage": "explorer.exe"}, {"TimeGenerated": "2026-05-13T03:52:57.000Z", "Computer": "WS-HR-003", "EventID": 1, "Source": "Microsoft-Windows-Sysmon", "ProcessName": "chrome.exe", "CommandLine": "...", "ParentImage": "explorer.exe"}, {"TimeGenerated": "2026-05-13T03:53:40.000Z", "Computer": "WS-IT-002", "EventID": 1, "Source": "Microsoft-Windows-Sysmon", "ProcessName": "chrome.exe", "CommandLine": "...", "ParentImage": "explorer.exe"}, {"TimeGenerated": "2026-05-13T03:58:58.000Z", "Computer": "WS-MKT-019", "EventID": 1, "Source": "Microsoft-Windows-Sysmon", "ProcessName": "chrome.exe", "CommandLine": "...", "ParentImage": "explorer.exe"}, {"TimeGenerated": "2026-05-13T04:00:33.000Z", "Computer": "WS-HR-003", "EventID": 1, "Source": "Microsoft-Windows-Sysmon", "ProcessName": "Teams.exe", "CommandLine": "...", "ParentImage": "explorer.exe"}, {"TimeGenerated": "2026-05-13T04:02:15.000Z", "Computer": "vm-app-web-01", "EventID": 1, "Source": "Microsoft-Windows-Sysmon", "ProcessName": "chrome.exe", "CommandLine": "...", "ParentImage": "explorer.exe"}, {"TimeGenerated": "2026-05-13T04:03:31.000Z", "Computer": "WS-DEV-011", "EventID": 1, "Source": "Microsoft-Windows-Sysmon", "ProcessName": "chrome.exe", "CommandLine": "...", "ParentImage": "explorer.exe"}, {"TimeGenerated": "2026-05-13T04:06:20.000Z", "Computer": "WS-DEV-011", "EventID": 1, "Source": "Microsoft-Windows-Sysmon", "ProcessName": "svchost.exe", "CommandLine": "...", "ParentImage": "explorer.exe"}, {"TimeGenerated": "2026-05-13T04:11:32.000Z", "Computer": "vm-db-prod-01", "EventID": 1, "Source": "Microsoft-Windows-Sysmon", "ProcessName": "svchost.exe", "CommandLine": "...", "ParentImage": "explorer.exe"}, {"TimeGenerated": "2026-05-13T04:15:06.000Z", "Computer": "WS-MKT-019", "EventID": 1, "Source": "Microsoft-Windows-Sysmon", "ProcessName": "chrome.exe", "CommandLine": "...", "ParentImage": "explorer.exe"}, {"TimeGenerated": "2026-05-13T04:15:38.000Z", "Computer": "WS-FIN-022", "EventID": 1, "Source": "Microsoft-Windows-Sysmon", "ProcessName": "outlook.exe", "CommandLine": "...", "ParentImage": "explorer.exe"}, {"TimeGenerated": "2026-05-13T04:16:37.000Z", "Computer": "WS-FIN-022", "EventID": 1, "Source": "Microsoft-Windows-Sysmon", "ProcessName": "outlook.exe", "CommandLine": "...", "ParentImage": "explorer.exe"}, {"TimeGenerated": "2026-05-13T04:19:25.000Z", "Computer": "vm-jumpbox-01", "EventID": 1, "Source": "Microsoft-Windows-Sysmon", "ProcessName": "svchost.exe", "CommandLine": "...", "ParentImage": "explorer.exe"}, {"TimeGenerated": "2026-05-13T04:20:27.000Z", "Computer": "WS-LEGAL-005", "EventID": 1, "Source": "Microsoft-Windows-Sysmon", "ProcessName": "svchost.exe", "CommandLine": "...", "ParentImage": "explorer.exe"}, {"TimeGenerated": "2026-05-13T04:24:26.000Z", "Computer": "vm-jumpbox-01", "EventID": 1, "Source": "Microsoft-Windows-Sysmon", "ProcessName": "chrome.exe", "CommandLine": "...", "ParentImage": "explorer.exe"}, {"TimeGenerated": "2026-05-13T04:26:34.000Z", "Computer": "vm-build-runner-04", "EventID": 1, "Source": "Microsoft-Windows-Sysmon", "ProcessName": "outlook.exe", "CommandLine": "...", "ParentImage": "explorer.exe"}, {"TimeGenerated": "2026-05-13T04:28:22.000Z", "Computer": "vm-build-runner-04", "EventID": 1, "Source": "Microsoft-Windows-Sysmon", "ProcessName": "svchost.exe", "CommandLine": "...", "ParentImage": "explorer.exe"}, {"TimeGenerated": "2026-05-13T04:32:22.000Z", "Computer": "WS-HR-003", "EventID": 1, "Source": "Microsoft-Windows-Sysmon", "ProcessName": "svchost.exe", "CommandLine": "...", "ParentImage": "explorer.exe"}, {"TimeGenerated": "2026-05-13T04:39:40.000Z", "Computer": "WS-FIN-022", "EventID": 1, "Source": "Microsoft-Windows-Sysmon", "ProcessName": "outlook.exe", "CommandLine": "...", "ParentImage": "explorer.exe"}, {"TimeGenerated": "2026-05-13T04:40:17.000Z", "Computer": "vm-jumpbox-01", "EventID": 1, "Source": "Microsoft-Windows-Sysmon", "ProcessName": "svchost.exe", "CommandLine": "...", "ParentImage": "explorer.exe"}, {"TimeGenerated": "2026-05-13T04:41:59.000Z", "Computer": "WS-FIN-014", "EventID": 1, "Source": "Microsoft-Windows-Sysmon", "ProcessName": "Teams.exe", "CommandLine": "...", "ParentImage": "explorer.exe"}, {"TimeGenerated": "2026-05-13T04:42:27.000Z", "Computer": "WS-IT-002", "EventID": 1, "Source": "Microsoft-Windows-Sysmon", "ProcessName": "outlook.exe", "CommandLine": "...", "ParentImage": "explorer.exe"}, {"TimeGenerated": "2026-05-13T04:42:50.000Z", "Computer": "vm-db-prod-01", "EventID": 1, "Source": "Microsoft-Windows-Sysmon", "ProcessName": "Teams.exe", "CommandLine": "...", "ParentImage": "explorer.exe"}, {"TimeGenerated": "2026-05-13T04:46:13.000Z", "Computer": "WS-HR-003", "EventID": 1, "Source": "Microsoft-Windows-Sysmon", "ProcessName": "Teams.exe", "CommandLine": "...", "ParentImage": "explorer.exe"}, {"TimeGenerated": "2026-05-13T04:47:56.000Z", "Computer": "WS-FIN-014", "EventID": 1, "Source": "Microsoft-Windows-Sysmon", "ProcessName": "Teams.exe", "CommandLine": "...", "ParentImage": "explorer.exe"}, {"TimeGenerated": "2026-05-13T04:48:02.000Z", "Computer": "WS-MKT-019", "EventID": 1, "Source": "Microsoft-Windows-Sysmon", "ProcessName": "svchost.exe", "CommandLine": "...", "ParentImage": "explorer.exe"}, {"TimeGenerated": "2026-05-13T04:51:35.000Z", "Computer": "WS-LEGAL-005", "EventID": 1, "Source": "Microsoft-Windows-Sysmon", "ProcessName": "Teams.exe", "CommandLine": "...", "ParentImage": "explorer.exe"}, {"TimeGenerated": "2026-05-13T04:51:46.000Z", "Computer": "vm-db-prod-01", "EventID": 1, "Source": "Microsoft-Windows-Sysmon", "ProcessName": "chrome.exe", "CommandLine": "...", "ParentImage": "explorer.exe"}, {"TimeGenerated": "2026-05-13T04:52:40.000Z", "Computer": "vm-app-web-01", "EventID": 1, "Source": "Microsoft-Windows-Sysmon", "ProcessName": "outlook.exe", "CommandLine": "...", "ParentImage": "explorer.exe"}, {"TimeGenerated": "2026-05-13T04:53:41.000Z", "Computer": "WS-DEV-031", "EventID": 1, "Source": "Microsoft-Windows-Sysmon", "ProcessName": "svchost.exe", "CommandLine": "...", "ParentImage": "explorer.exe"}, {"TimeGenerated": "2026-05-13T04:58:38.000Z", "Computer": "WS-IT-002", "EventID": 1, "Source": "Microsoft-Windows-Sysmon", "ProcessName": "outlook.exe", "CommandLine": "...", "ParentImage": "explorer.exe"}, {"TimeGenerated": "2026-05-13T04:59:28.000Z", "Computer": "WS-FIN-014", "EventID": 1, "Source": "Microsoft-Windows-Sysmon", "ProcessName": "outlook.exe", "CommandLine": "...", "ParentImage": "explorer.exe"}, {"TimeGenerated": "2026-05-13T05:00:03.000Z", "Computer": "vm-jumpbox-01", "EventID": 1, "Source": "Microsoft-Windows-Sysmon", "ProcessName": "svchost.exe", "CommandLine": "...", "ParentImage": "explorer.exe"}, {"TimeGenerated": "2026-05-13T05:07:43.000Z", "Computer": "vm-jumpbox-01", "EventID": 1, "Source": "Microsoft-Windows-Sysmon", "ProcessName": "outlook.exe", "CommandLine": "...", "ParentImage": "explorer.exe"}, {"TimeGenerated": "2026-05-13T05:08:58.000Z", "Computer": "WS-CEO-001", "EventID": 1, "Source": "Microsoft-Windows-Sysmon", "ProcessName": "outlook.exe", "CommandLine": "...", "ParentImage": "explorer.exe"}, {"TimeGenerated": "2026-05-13T05:09:24.000Z", "Computer": "WS-HR-003", "EventID": 1, "Source": "Microsoft-Windows-Sysmon", "ProcessName": "chrome.exe", "CommandLine": "...", "ParentImage": "explorer.exe"}, {"TimeGenerated": "2026-05-13T05:09:40.000Z", "Computer": "vm-app-web-02", "EventID": 1, "Source": "Microsoft-Windows-Sysmon", "ProcessName": "Teams.exe", "CommandLine": "...", "ParentImage": "explorer.exe"}, {"TimeGenerated": "2026-05-13T05:10:11.000Z", "Computer": "vm-app-web-02", "EventID": 1, "Source": "Microsoft-Windows-Sysmon", "ProcessName": "svchost.exe", "CommandLine": "...", "ParentImage": "explorer.exe"}, {"TimeGenerated": "2026-05-13T05:12:08.000Z", "Computer": "WS-DEV-011", "EventID": 6, "Source": "Microsoft-Windows-Sysmon", "ImageLoaded": "C:\\Windows\\Temp\\hwhelper.sys", "Signed": "false", "Signature": ""}, {"TimeGenerated": "2026-05-13T05:16:10.000Z", "Computer": "WS-FIN-014", "EventID": 1, "Source": "Microsoft-Windows-Sysmon", "ProcessName": "Teams.exe", "CommandLine": "...", "ParentImage": "explorer.exe"}, {"TimeGenerated": "2026-05-13T05:16:23.000Z", "Computer": "WS-HR-003", "EventID": 1, "Source": "Microsoft-Windows-Sysmon", "ProcessName": "chrome.exe", "CommandLine": "...", "ParentImage": "explorer.exe"}, {"TimeGenerated": "2026-05-13T05:19:10.000Z", "Computer": "WS-IT-002", "EventID": 1, "Source": "Microsoft-Windows-Sysmon", "ProcessName": "chrome.exe", "CommandLine": "...", "ParentImage": "explorer.exe"}, {"TimeGenerated": "2026-05-13T05:20:48.000Z", "Computer": "WS-DEV-011", "EventID": 1, "Source": "Microsoft-Windows-Sysmon", "ProcessName": "Teams.exe", "CommandLine": "...", "ParentImage": "explorer.exe"}, {"TimeGenerated": "2026-05-13T05:22:15.000Z", "Computer": "vm-build-runner-04", "EventID": 1, "Source": "Microsoft-Windows-Sysmon", "ProcessName": "Teams.exe", "CommandLine": "...", "ParentImage": "explorer.exe"}, {"TimeGenerated": "2026-05-13T05:22:24.000Z", "Computer": "WS-IT-002", "EventID": 1, "Source": "Microsoft-Windows-Sysmon", "ProcessName": "svchost.exe", "CommandLine": "...", "ParentImage": "explorer.exe"}, {"TimeGenerated": "2026-05-13T05:24:05.000Z", "Computer": "WS-HR-003", "EventID": 1, "Source": "Microsoft-Windows-Sysmon", "ProcessName": "Teams.exe", "CommandLine": "...", "ParentImage": "explorer.exe"}, {"TimeGenerated": "2026-05-13T05:24:08.000Z", "Computer": "vm-app-web-01", "EventID": 1, "Source": "Microsoft-Windows-Sysmon", "ProcessName": "Teams.exe", "CommandLine": "...", "ParentImage": "explorer.exe"}, {"TimeGenerated": "2026-05-13T05:24:23.000Z", "Computer": "WS-FIN-014", "EventID": 1, "Source": "Microsoft-Windows-Sysmon", "ProcessName": "chrome.exe", "CommandLine": "...", "ParentImage": "explorer.exe"}, {"TimeGenerated": "2026-05-13T05:26:55.000Z", "Computer": "WS-HR-003", "EventID": 1, "Source": "Microsoft-Windows-Sysmon", "ProcessName": "chrome.exe", "CommandLine": "...", "ParentImage": "explorer.exe"}, {"TimeGenerated": "2026-05-13T05:26:57.000Z", "Computer": "WS-DEV-011", "EventID": 1, "Source": "Microsoft-Windows-Sysmon", "ProcessName": "chrome.exe", "CommandLine": "...", "ParentImage": "explorer.exe"}, {"TimeGenerated": "2026-05-13T05:29:39.000Z", "Computer": "vm-jumpbox-01", "EventID": 1, "Source": "Microsoft-Windows-Sysmon", "ProcessName": "outlook.exe", "CommandLine": "...", "ParentImage": "explorer.exe"}, {"TimeGenerated": "2026-05-13T05:31:15.000Z", "Computer": "vm-jumpbox-01", "EventID": 1, "Source": "Microsoft-Windows-Sysmon", "ProcessName": "outlook.exe", "CommandLine": "...", "ParentImage": "explorer.exe"}, {"TimeGenerated": "2026-05-13T05:33:08.000Z", "Computer": "vm-db-prod-01", "EventID": 1, "Source": "Microsoft-Windows-Sysmon", "ProcessName": "svchost.exe", "CommandLine": "...", "ParentImage": "explorer.exe"}, {"TimeGenerated": "2026-05-13T05:34:12.000Z", "Computer": "WS-CEO-001", "EventID": 1, "Source": "Microsoft-Windows-Sysmon", "ProcessName": "chrome.exe", "CommandLine": "...", "ParentImage": "explorer.exe"}, {"TimeGenerated": "2026-05-13T05:35:09.000Z", "Computer": "vm-db-prod-01", "EventID": 1, "Source": "Microsoft-Windows-Sysmon", "ProcessName": "svchost.exe", "CommandLine": "...", "ParentImage": "explorer.exe"}, {"TimeGenerated": "2026-05-13T05:36:36.000Z", "Computer": "vm-app-web-02", "EventID": 1, "Source": "Microsoft-Windows-Sysmon", "ProcessName": "svchost.exe", "CommandLine": "...", "ParentImage": "explorer.exe"}, {"TimeGenerated": "2026-05-13T05:38:43.000Z", "Computer": "vm-build-runner-04", "EventID": 1, "Source": "Microsoft-Windows-Sysmon", "ProcessName": "Teams.exe", "CommandLine": "...", "ParentImage": "explorer.exe"}, {"TimeGenerated": "2026-05-13T05:43:02.000Z", "Computer": "WS-FIN-022", "EventID": 1, "Source": "Microsoft-Windows-Sysmon", "ProcessName": "chrome.exe", "CommandLine": "...", "ParentImage": "explorer.exe"}, {"TimeGenerated": "2026-05-13T05:44:13.000Z", "Computer": "WS-CEO-001", "EventID": 1, "Source": "Microsoft-Windows-Sysmon", "ProcessName": "Teams.exe", "CommandLine": "...", "ParentImage": "explorer.exe"}, {"TimeGenerated": "2026-05-13T05:48:23.000Z", "Computer": "WS-IT-002", "EventID": 1, "Source": "Microsoft-Windows-Sysmon", "ProcessName": "Teams.exe", "CommandLine": "...", "ParentImage": "explorer.exe"}, {"TimeGenerated": "2026-05-13T05:49:26.000Z", "Computer": "WS-CEO-001", "EventID": 1, "Source": "Microsoft-Windows-Sysmon", "ProcessName": "outlook.exe", "CommandLine": "...", "ParentImage": "explorer.exe"}, {"TimeGenerated": "2026-05-13T05:49:33.000Z", "Computer": "WS-CEO-001", "EventID": 1, "Source": "Microsoft-Windows-Sysmon", "ProcessName": "outlook.exe", "CommandLine": "...", "ParentImage": "explorer.exe"}, {"TimeGenerated": "2026-05-13T05:56:58.000Z", "Computer": "vm-build-runner-04", "EventID": 1, "Source": "Microsoft-Windows-Sysmon", "ProcessName": "Teams.exe", "CommandLine": "...", "ParentImage": "explorer.exe"}, {"TimeGenerated": "2026-05-13T05:58:17.000Z", "Computer": "vm-db-prod-01", "EventID": 1, "Source": "Microsoft-Windows-Sysmon", "ProcessName": "svchost.exe", "CommandLine": "...", "ParentImage": "explorer.exe"}, {"TimeGenerated": "2026-05-13T06:04:50.000Z", "Computer": "WS-HR-003", "EventID": 1, "Source": "Microsoft-Windows-Sysmon", "ProcessName": "chrome.exe", "CommandLine": "...", "ParentImage": "explorer.exe"}, {"TimeGenerated": "2026-05-13T06:05:25.000Z", "Computer": "WS-MKT-019", "EventID": 1, "Source": "Microsoft-Windows-Sysmon", "ProcessName": "Teams.exe", "CommandLine": "...", "ParentImage": "explorer.exe"}, {"TimeGenerated": "2026-05-13T06:07:12.000Z", "Computer": "vm-app-web-01", "EventID": 1, "Source": "Microsoft-Windows-Sysmon", "ProcessName": "chrome.exe", "CommandLine": "...", "ParentImage": "explorer.exe"}, {"TimeGenerated": "2026-05-13T06:08:35.000Z", "Computer": "WS-SALES-007", "EventID": 1, "Source": "Microsoft-Windows-Sysmon", "ProcessName": "Teams.exe", "CommandLine": "...", "ParentImage": "explorer.exe"}, {"TimeGenerated": "2026-05-13T06:17:11.000Z", "Computer": "WS-HR-003", "EventID": 1, "Source": "Microsoft-Windows-Sysmon", "ProcessName": "Teams.exe", "CommandLine": "...", "ParentImage": "explorer.exe"}, {"TimeGenerated": "2026-05-13T06:18:00.000Z", "Computer": "WS-CEO-001", "EventID": 1, "Source": "Microsoft-Windows-Sysmon", "ProcessName": "Teams.exe", "CommandLine": "...", "ParentImage": "explorer.exe"}, {"TimeGenerated": "2026-05-13T06:19:08.000Z", "Computer": "WS-DEV-011", "EventID": 1, "Source": "Microsoft-Windows-Sysmon", "ProcessName": "outlook.exe", "CommandLine": "...", "ParentImage": "explorer.exe"}, {"TimeGenerated": "2026-05-13T06:20:43.000Z", "Computer": "WS-CEO-001", "EventID": 1, "Source": "Microsoft-Windows-Sysmon", "ProcessName": "chrome.exe", "CommandLine": "...", "ParentImage": "explorer.exe"}, {"TimeGenerated": "2026-05-13T06:21:14.000Z", "Computer": "WS-SALES-007", "EventID": 1, "Source": "Microsoft-Windows-Sysmon", "ProcessName": "chrome.exe", "CommandLine": "...", "ParentImage": "explorer.exe"}, {"TimeGenerated": "2026-05-13T06:24:30.000Z", "Computer": "WS-CEO-001", "EventID": 1, "Source": "Microsoft-Windows-Sysmon", "ProcessName": "chrome.exe", "CommandLine": "...", "ParentImage": "explorer.exe"}, {"TimeGenerated": "2026-05-13T06:24:57.000Z", "Computer": "WS-SALES-007", "EventID": 1, "Source": "Microsoft-Windows-Sysmon", "ProcessName": "svchost.exe", "CommandLine": "...", "ParentImage": "explorer.exe"}, {"TimeGenerated": "2026-05-13T06:26:10.000Z", "Computer": "vm-db-prod-01", "EventID": 1, "Source": "Microsoft-Windows-Sysmon", "ProcessName": "Teams.exe", "CommandLine": "...", "ParentImage": "explorer.exe"}, {"TimeGenerated": "2026-05-13T06:26:44.000Z", "Computer": "WS-SALES-007", "EventID": 1, "Source": "Microsoft-Windows-Sysmon", "ProcessName": "svchost.exe", "CommandLine": "...", "ParentImage": "explorer.exe"}, {"TimeGenerated": "2026-05-13T06:26:50.000Z", "Computer": "WS-DEV-031", "EventID": 1, "Source": "Microsoft-Windows-Sysmon", "ProcessName": "outlook.exe", "CommandLine": "...", "ParentImage": "explorer.exe"}, {"TimeGenerated": "2026-05-13T06:28:06.000Z", "Computer": "vm-jumpbox-01", "EventID": 1, "Source": "Microsoft-Windows-Sysmon", "ProcessName": "svchost.exe", "CommandLine": "...", "ParentImage": "explorer.exe"}, {"TimeGenerated": "2026-05-13T06:30:14.000Z", "Computer": "vm-app-web-01", "EventID": 1, "Source": "Microsoft-Windows-Sysmon", "ProcessName": "outlook.exe", "CommandLine": "...", "ParentImage": "explorer.exe"}, {"TimeGenerated": "2026-05-13T06:31:34.000Z", "Computer": "WS-DEV-031", "EventID": 1, "Source": "Microsoft-Windows-Sysmon", "ProcessName": "outlook.exe", "CommandLine": "...", "ParentImage": "explorer.exe"}, {"TimeGenerated": "2026-05-13T06:32:02.000Z", "Computer": "WS-DEV-011", "EventID": 1, "Source": "Microsoft-Windows-Sysmon", "ProcessName": "Teams.exe", "CommandLine": "...", "ParentImage": "explorer.exe"}, {"TimeGenerated": "2026-05-13T06:32:57.000Z", "Computer": "WS-HR-003", "EventID": 1, "Source": "Microsoft-Windows-Sysmon", "ProcessName": "outlook.exe", "CommandLine": "...", "ParentImage": "explorer.exe"}, {"TimeGenerated": "2026-05-13T06:32:57.000Z", "Computer": "WS-FIN-014", "EventID": 1, "Source": "Microsoft-Windows-Sysmon", "ProcessName": "svchost.exe", "CommandLine": "...", "ParentImage": "explorer.exe"}, {"TimeGenerated": "2026-05-13T06:35:46.000Z", "Computer": "WS-MKT-019", "EventID": 1, "Source": "Microsoft-Windows-Sysmon", "ProcessName": "outlook.exe", "CommandLine": "...", "ParentImage": "explorer.exe"}, {"TimeGenerated": "2026-05-13T06:36:41.000Z", "Computer": "WS-SALES-007", "EventID": 1, "Source": "Microsoft-Windows-Sysmon", "ProcessName": "chrome.exe", "CommandLine": "...", "ParentImage": "explorer.exe"}, {"TimeGenerated": "2026-05-13T06:36:54.000Z", "Computer": "WS-IT-002", "EventID": 1, "Source": "Microsoft-Windows-Sysmon", "ProcessName": "chrome.exe", "CommandLine": "...", "ParentImage": "explorer.exe"}, {"TimeGenerated": "2026-05-13T06:36:58.000Z", "Computer": "WS-FIN-022", "EventID": 1, "Source": "Microsoft-Windows-Sysmon", "ProcessName": "Teams.exe", "CommandLine": "...", "ParentImage": "explorer.exe"}, {"TimeGenerated": "2026-05-13T06:37:07.000Z", "Computer": "WS-HR-003", "EventID": 1, "Source": "Microsoft-Windows-Sysmon", "ProcessName": "chrome.exe", "CommandLine": "...", "ParentImage": "explorer.exe"}, {"TimeGenerated": "2026-05-13T06:39:51.000Z", "Computer": "vm-db-prod-01", "EventID": 1, "Source": "Microsoft-Windows-Sysmon", "ProcessName": "outlook.exe", "CommandLine": "...", "ParentImage": "explorer.exe"}, {"TimeGenerated": "2026-05-13T06:44:06.000Z", "Computer": "WS-MKT-019", "EventID": 1, "Source": "Microsoft-Windows-Sysmon", "ProcessName": "svchost.exe", "CommandLine": "...", "ParentImage": "explorer.exe"}, {"TimeGenerated": "2026-05-13T06:44:56.000Z", "Computer": "vm-app-web-02", "EventID": 1, "Source": "Microsoft-Windows-Sysmon", "ProcessName": "svchost.exe", "CommandLine": "...", "ParentImage": "explorer.exe"}, {"TimeGenerated": "2026-05-13T06:46:59.000Z", "Computer": "WS-DEV-031", "EventID": 1, "Source": "Microsoft-Windows-Sysmon", "ProcessName": "svchost.exe", "CommandLine": "...", "ParentImage": "explorer.exe"}, {"TimeGenerated": "2026-05-13T06:46:59.000Z", "Computer": "WS-FIN-022", "EventID": 1, "Source": "Microsoft-Windows-Sysmon", "ProcessName": "Teams.exe", "CommandLine": "...", "ParentImage": "explorer.exe"}, {"TimeGenerated": "2026-05-13T06:51:23.000Z", "Computer": "WS-FIN-014", "EventID": 1, "Source": "Microsoft-Windows-Sysmon", "ProcessName": "outlook.exe", "CommandLine": "...", "ParentImage": "explorer.exe"}, {"TimeGenerated": "2026-05-13T06:53:53.000Z", "Computer": "vm-app-web-02", "EventID": 1, "Source": "Microsoft-Windows-Sysmon", "ProcessName": "svchost.exe", "CommandLine": "...", "ParentImage": "explorer.exe"}, {"TimeGenerated": "2026-05-13T06:55:44.000Z", "Computer": "WS-DEV-031", "EventID": 1, "Source": "Microsoft-Windows-Sysmon", "ProcessName": "outlook.exe", "CommandLine": "...", "ParentImage": "explorer.exe"}, {"TimeGenerated": "2026-05-13T06:56:08.000Z", "Computer": "vm-db-prod-01", "EventID": 1, "Source": "Microsoft-Windows-Sysmon", "ProcessName": "svchost.exe", "CommandLine": "...", "ParentImage": "explorer.exe"}, {"TimeGenerated": "2026-05-13T07:00:12.000Z", "Computer": "WS-CEO-001", "EventID": 1, "Source": "Microsoft-Windows-Sysmon", "ProcessName": "Teams.exe", "CommandLine": "...", "ParentImage": "explorer.exe"}, {"TimeGenerated": "2026-05-13T07:00:59.000Z", "Computer": "WS-DEV-011", "EventID": 1, "Source": "Microsoft-Windows-Sysmon", "ProcessName": "svchost.exe", "CommandLine": "...", "ParentImage": "explorer.exe"}, {"TimeGenerated": "2026-05-13T07:02:17.000Z", "Computer": "WS-HR-003", "EventID": 1, "Source": "Microsoft-Windows-Sysmon", "ProcessName": "chrome.exe", "CommandLine": "...", "ParentImage": "explorer.exe"}, {"TimeGenerated": "2026-05-13T07:03:47.000Z", "Computer": "vm-build-runner-04", "EventID": 1, "Source": "Microsoft-Windows-Sysmon", "ProcessName": "Teams.exe", "CommandLine": "...", "ParentImage": "explorer.exe"}, {"TimeGenerated": "2026-05-13T07:05:41.000Z", "Computer": "WS-FIN-022", "EventID": 1, "Source": "Microsoft-Windows-Sysmon", "ProcessName": "svchost.exe", "CommandLine": "...", "ParentImage": "explorer.exe"}, {"TimeGenerated": "2026-05-13T07:05:46.000Z", "Computer": "WS-DEV-011", "EventID": 1, "Source": "Microsoft-Windows-Sysmon", "ProcessName": "svchost.exe", "CommandLine": "...", "ParentImage": "explorer.exe"}, {"TimeGenerated": "2026-05-13T07:05:56.000Z", "Computer": "WS-MKT-019", "EventID": 1, "Source": "Microsoft-Windows-Sysmon", "ProcessName": "chrome.exe", "CommandLine": "...", "ParentImage": "explorer.exe"}, {"TimeGenerated": "2026-05-13T07:08:55.000Z", "Computer": "vm-build-runner-04", "EventID": 1, "Source": "Microsoft-Windows-Sysmon", "ProcessName": "outlook.exe", "CommandLine": "...", "ParentImage": "explorer.exe"}, {"TimeGenerated": "2026-05-13T07:09:42.000Z", "Computer": "vm-app-web-01", "EventID": 1, "Source": "Microsoft-Windows-Sysmon", "ProcessName": "Teams.exe", "CommandLine": "...", "ParentImage": "explorer.exe"}, {"TimeGenerated": "2026-05-13T07:10:56.000Z", "Computer": "WS-DEV-011", "EventID": 1, "Source": "Microsoft-Windows-Sysmon", "ProcessName": "svchost.exe", "CommandLine": "...", "ParentImage": "explorer.exe"}, {"TimeGenerated": "2026-05-13T07:13:32.000Z", "Computer": "WS-FIN-022", "EventID": 1, "Source": "Microsoft-Windows-Sysmon", "ProcessName": "Teams.exe", "CommandLine": "...", "ParentImage": "explorer.exe"}, {"TimeGenerated": "2026-05-13T07:16:41.000Z", "Computer": "WS-SALES-007", "EventID": 1, "Source": "Microsoft-Windows-Sysmon", "ProcessName": "chrome.exe", "CommandLine": "...", "ParentImage": "explorer.exe"}, {"TimeGenerated": "2026-05-13T07:19:21.000Z", "Computer": "WS-CEO-001", "EventID": 1, "Source": "Microsoft-Windows-Sysmon", "ProcessName": "Teams.exe", "CommandLine": "...", "ParentImage": "explorer.exe"}, {"TimeGenerated": "2026-05-13T07:20:48.000Z", "Computer": "vm-jumpbox-01", "EventID": 1, "Source": "Microsoft-Windows-Sysmon", "ProcessName": "Teams.exe", "CommandLine": "...", "ParentImage": "explorer.exe"}, {"TimeGenerated": "2026-05-13T07:21:56.000Z", "Computer": "vm-db-prod-01", "EventID": 1, "Source": "Microsoft-Windows-Sysmon", "ProcessName": "chrome.exe", "CommandLine": "...", "ParentImage": "explorer.exe"}, {"TimeGenerated": "2026-05-13T07:22:03.000Z", "Computer": "WS-DEV-011", "EventID": 1, "Source": "Microsoft-Windows-Sysmon", "ProcessName": "outlook.exe", "CommandLine": "...", "ParentImage": "explorer.exe"}, {"TimeGenerated": "2026-05-13T07:23:29.000Z", "Computer": "WS-FIN-022", "EventID": 1, "Source": "Microsoft-Windows-Sysmon", "ProcessName": "chrome.exe", "CommandLine": "...", "ParentImage": "explorer.exe"}, {"TimeGenerated": "2026-05-13T07:25:18.000Z", "Computer": "WS-IT-002", "EventID": 1, "Source": "Microsoft-Windows-Sysmon", "ProcessName": "svchost.exe", "CommandLine": "...", "ParentImage": "explorer.exe"}, {"TimeGenerated": "2026-05-13T07:25:43.000Z", "Computer": "vm-app-web-01", "EventID": 1, "Source": "Microsoft-Windows-Sysmon", "ProcessName": "svchost.exe", "CommandLine": "...", "ParentImage": "explorer.exe"}, {"TimeGenerated": "2026-05-13T07:26:32.000Z", "Computer": "WS-CEO-001", "EventID": 1, "Source": "Microsoft-Windows-Sysmon", "ProcessName": "chrome.exe", "CommandLine": "...", "ParentImage": "explorer.exe"}, {"TimeGenerated": "2026-05-13T07:34:01.000Z", "Computer": "vm-db-prod-01", "EventID": 1, "Source": "Microsoft-Windows-Sysmon", "ProcessName": "outlook.exe", "CommandLine": "...", "ParentImage": "explorer.exe"}, {"TimeGenerated": "2026-05-13T07:40:04.000Z", "Computer": "WS-FIN-014", "EventID": 1, "Source": "Microsoft-Windows-Sysmon", "ProcessName": "chrome.exe", "CommandLine": "...", "ParentImage": "explorer.exe"}, {"TimeGenerated": "2026-05-13T07:41:04.000Z", "Computer": "WS-DEV-031", "EventID": 1, "Source": "Microsoft-Windows-Sysmon", "ProcessName": "chrome.exe", "CommandLine": "...", "ParentImage": "explorer.exe"}, {"TimeGenerated": "2026-05-13T07:45:45.000Z", "Computer": "WS-CEO-001", "EventID": 1, "Source": "Microsoft-Windows-Sysmon", "ProcessName": "Teams.exe", "CommandLine": "...", "ParentImage": "explorer.exe"}, {"TimeGenerated": "2026-05-13T07:51:01.000Z", "Computer": "WS-FIN-022", "EventID": 1, "Source": "Microsoft-Windows-Sysmon", "ProcessName": "Teams.exe", "CommandLine": "...", "ParentImage": "explorer.exe"}, {"TimeGenerated": "2026-05-13T07:53:22.000Z", "Computer": "vm-app-web-01", "EventID": 1, "Source": "Microsoft-Windows-Sysmon", "ProcessName": "Teams.exe", "CommandLine": "...", "ParentImage": "explorer.exe"}, {"TimeGenerated": "2026-05-13T07:55:23.000Z", "Computer": "vm-app-web-02", "EventID": 1, "Source": "Microsoft-Windows-Sysmon", "ProcessName": "svchost.exe", "CommandLine": "...", "ParentImage": "explorer.exe"}, {"TimeGenerated": "2026-05-13T07:57:22.000Z", "Computer": "vm-jumpbox-01", "EventID": 1, "Source": "Microsoft-Windows-Sysmon", "ProcessName": "outlook.exe", "CommandLine": "...", "ParentImage": "explorer.exe"}, {"TimeGenerated": "2026-05-13T08:00:03.000Z", "Computer": "vm-app-web-02", "EventID": 1, "Source": "Microsoft-Windows-Sysmon", "ProcessName": "svchost.exe", "CommandLine": "...", "ParentImage": "explorer.exe"}, {"TimeGenerated": "2026-05-13T08:00:37.000Z", "Computer": "vm-build-runner-04", "EventID": 1, "Source": "Microsoft-Windows-Sysmon", "ProcessName": "svchost.exe", "CommandLine": "...", "ParentImage": "explorer.exe"}, {"TimeGenerated": "2026-05-13T08:01:53.000Z", "Computer": "WS-MKT-019", "EventID": 1, "Source": "Microsoft-Windows-Sysmon", "ProcessName": "Teams.exe", "CommandLine": "...", "ParentImage": "explorer.exe"}, {"TimeGenerated": "2026-05-13T08:03:40.000Z", "Computer": "WS-DEV-011", "EventID": 1, "Source": "Microsoft-Windows-Sysmon", "ProcessName": "outlook.exe", "CommandLine": "...", "ParentImage": "explorer.exe"}, {"TimeGenerated": "2026-05-13T08:06:34.000Z", "Computer": "WS-DEV-031", "EventID": 1, "Source": "Microsoft-Windows-Sysmon", "ProcessName": "Teams.exe", "CommandLine": "...", "ParentImage": "explorer.exe"}, {"TimeGenerated": "2026-05-13T08:10:54.000Z", "Computer": "vm-jumpbox-01", "EventID": 1, "Source": "Microsoft-Windows-Sysmon", "ProcessName": "svchost.exe", "CommandLine": "...", "ParentImage": "explorer.exe"}, {"TimeGenerated": "2026-05-13T08:11:19.000Z", "Computer": "WS-IT-002", "EventID": 1, "Source": "Microsoft-Windows-Sysmon", "ProcessName": "outlook.exe", "CommandLine": "...", "ParentImage": "explorer.exe"}, {"TimeGenerated": "2026-05-13T08:13:42.000Z", "Computer": "WS-FIN-022", "EventID": 1, "Source": "Microsoft-Windows-Sysmon", "ProcessName": "chrome.exe", "CommandLine": "...", "ParentImage": "explorer.exe"}, {"TimeGenerated": "2026-05-13T08:15:05.000Z", "Computer": "WS-SALES-007", "EventID": 1, "Source": "Microsoft-Windows-Sysmon", "ProcessName": "svchost.exe", "CommandLine": "...", "ParentImage": "explorer.exe"}, {"TimeGenerated": "2026-05-13T08:15:15.000Z", "Computer": "vm-jumpbox-01", "EventID": 1, "Source": "Microsoft-Windows-Sysmon", "ProcessName": "chrome.exe", "CommandLine": "...", "ParentImage": "explorer.exe"}, {"TimeGenerated": "2026-05-13T08:15:32.000Z", "Computer": "vm-app-web-01", "EventID": 1, "Source": "Microsoft-Windows-Sysmon", "ProcessName": "Teams.exe", "CommandLine": "...", "ParentImage": "explorer.exe"}, {"TimeGenerated": "2026-05-13T08:16:11.000Z", "Computer": "WS-HR-003", "EventID": 1, "Source": "Microsoft-Windows-Sysmon", "ProcessName": "Teams.exe", "CommandLine": "...", "ParentImage": "explorer.exe"}, {"TimeGenerated": "2026-05-13T08:20:30.000Z", "Computer": "vm-db-prod-01", "EventID": 1, "Source": "Microsoft-Windows-Sysmon", "ProcessName": "outlook.exe", "CommandLine": "...", "ParentImage": "explorer.exe"}, {"TimeGenerated": "2026-05-13T08:21:50.000Z", "Computer": "WS-FIN-014", "EventID": 1, "Source": "Microsoft-Windows-Sysmon", "ProcessName": "Teams.exe", "CommandLine": "...", "ParentImage": "explorer.exe"}, {"TimeGenerated": "2026-05-13T08:25:20.000Z", "Computer": "WS-FIN-022", "EventID": 1, "Source": "Microsoft-Windows-Sysmon", "ProcessName": "Teams.exe", "CommandLine": "...", "ParentImage": "explorer.exe"}, {"TimeGenerated": "2026-05-13T08:28:06.000Z", "Computer": "WS-SALES-007", "EventID": 1, "Source": "Microsoft-Windows-Sysmon", "ProcessName": "Teams.exe", "CommandLine": "...", "ParentImage": "explorer.exe"}, {"TimeGenerated": "2026-05-13T08:46:13.000Z", "Computer": "WS-FIN-022", "EventID": 1, "Source": "Microsoft-Windows-Sysmon", "ProcessName": "chrome.exe", "CommandLine": "...", "ParentImage": "explorer.exe"}, {"TimeGenerated": "2026-05-13T08:53:36.000Z", "Computer": "WS-DEV-031", "EventID": 1, "Source": "Microsoft-Windows-Sysmon", "ProcessName": "outlook.exe", "CommandLine": "...", "ParentImage": "explorer.exe"}, {"TimeGenerated": "2026-05-13T08:54:13.000Z", "Computer": "vm-db-prod-01", "EventID": 1, "Source": "Microsoft-Windows-Sysmon", "ProcessName": "outlook.exe", "CommandLine": "...", "ParentImage": "explorer.exe"}, {"TimeGenerated": "2026-05-13T08:54:25.000Z", "Computer": "WS-FIN-022", "EventID": 1, "Source": "Microsoft-Windows-Sysmon", "ProcessName": "chrome.exe", "CommandLine": "...", "ParentImage": "explorer.exe"}, {"TimeGenerated": "2026-05-13T08:57:40.000Z", "Computer": "WS-DEV-031", "EventID": 1, "Source": "Microsoft-Windows-Sysmon", "ProcessName": "Teams.exe", "CommandLine": "...", "ParentImage": "explorer.exe"}, {"TimeGenerated": "2026-05-13T09:00:22.000Z", "Computer": "vm-app-web-02", "EventID": 1, "Source": "Microsoft-Windows-Sysmon", "ProcessName": "chrome.exe", "CommandLine": "...", "ParentImage": "explorer.exe"}, {"TimeGenerated": "2026-05-13T09:00:27.000Z", "Computer": "WS-MKT-019", "EventID": 1, "Source": "Microsoft-Windows-Sysmon", "ProcessName": "Teams.exe", "CommandLine": "...", "ParentImage": "explorer.exe"}, {"TimeGenerated": "2026-05-13T09:01:21.000Z", "Computer": "vm-app-web-02", "EventID": 1, "Source": "Microsoft-Windows-Sysmon", "ProcessName": "Teams.exe", "CommandLine": "...", "ParentImage": "explorer.exe"}, {"TimeGenerated": "2026-05-13T09:01:47.000Z", "Computer": "WS-DEV-011", "EventID": 1, "Source": "Microsoft-Windows-Sysmon", "ProcessName": "outlook.exe", "CommandLine": "...", "ParentImage": "explorer.exe"}, {"TimeGenerated": "2026-05-13T09:05:38.000Z", "Computer": "WS-IT-002", "EventID": 1, "Source": "Microsoft-Windows-Sysmon", "ProcessName": "svchost.exe", "CommandLine": "...", "ParentImage": "explorer.exe"}, {"TimeGenerated": "2026-05-13T09:14:20.000Z", "Computer": "WS-HR-003", "EventID": 1, "Source": "Microsoft-Windows-Sysmon", "ProcessName": "outlook.exe", "CommandLine": "...", "ParentImage": "explorer.exe"}, {"TimeGenerated": "2026-05-13T09:16:26.000Z", "Computer": "WS-CEO-001", "EventID": 1, "Source": "Microsoft-Windows-Sysmon", "ProcessName": "Teams.exe", "CommandLine": "...", "ParentImage": "explorer.exe"}, {"TimeGenerated": "2026-05-13T09:21:16.000Z", "Computer": "vm-db-prod-01", "EventID": 1, "Source": "Microsoft-Windows-Sysmon", "ProcessName": "outlook.exe", "CommandLine": "...", "ParentImage": "explorer.exe"}, {"TimeGenerated": "2026-05-13T09:25:40.000Z", "Computer": "vm-build-runner-04", "EventID": 1, "Source": "Microsoft-Windows-Sysmon", "ProcessName": "svchost.exe", "CommandLine": "...", "ParentImage": "explorer.exe"}, {"TimeGenerated": "2026-05-13T09:26:15.000Z", "Computer": "vm-jumpbox-01", "EventID": 1, "Source": "Microsoft-Windows-Sysmon", "ProcessName": "chrome.exe", "CommandLine": "...", "ParentImage": "explorer.exe"}, {"TimeGenerated": "2026-05-13T09:26:36.000Z", "Computer": "vm-app-web-01", "EventID": 1, "Source": "Microsoft-Windows-Sysmon", "ProcessName": "outlook.exe", "CommandLine": "...", "ParentImage": "explorer.exe"}, {"TimeGenerated": "2026-05-13T09:27:27.000Z", "Computer": "WS-DEV-011", "EventID": 1, "Source": "Microsoft-Windows-Sysmon", "ProcessName": "svchost.exe", "CommandLine": "...", "ParentImage": "explorer.exe"}, {"TimeGenerated": "2026-05-13T09:31:44.000Z", "Computer": "vm-db-prod-01", "EventID": 1, "Source": "Microsoft-Windows-Sysmon", "ProcessName": "outlook.exe", "CommandLine": "...", "ParentImage": "explorer.exe"}, {"TimeGenerated": "2026-05-13T09:35:59.000Z", "Computer": "WS-IT-002", "EventID": 1, "Source": "Microsoft-Windows-Sysmon", "ProcessName": "Teams.exe", "CommandLine": "...", "ParentImage": "explorer.exe"}, {"TimeGenerated": "2026-05-13T09:36:04.000Z", "Computer": "WS-FIN-014", "EventID": 1, "Source": "Microsoft-Windows-Sysmon", "ProcessName": "svchost.exe", "CommandLine": "...", "ParentImage": "explorer.exe"}, {"TimeGenerated": "2026-05-13T09:42:17.000Z", "Computer": "vm-build-runner-04", "EventID": 1, "Source": "Microsoft-Windows-Sysmon", "ProcessName": "Teams.exe", "CommandLine": "...", "ParentImage": "explorer.exe"}, {"TimeGenerated": "2026-05-13T09:43:26.000Z", "Computer": "WS-DEV-031", "EventID": 1, "Source": "Microsoft-Windows-Sysmon", "ProcessName": "svchost.exe", "CommandLine": "...", "ParentImage": "explorer.exe"}, 